<?xml version="1.0" encoding="UTF-8"?>
<!-- Generated by org.testng.reporters.JUnitXMLReporter -->
<testsuite ignored="0" hostname="Lan-Anhs-MacBook-Air.local" failures="0" tests="2" name="Surefire test" time="11.095" errors="0" timestamp="2024-11-09T18:50:34 ICT">
  <testcase classname="io.cucumber.testng.AbstractTestNGCucumberTests" name="runScenario" time="6.374"/>
  <testcase classname="io.cucumber.testng.AbstractTestNGCucumberTests" name="runScenario" time="4.505"/>
</testsuite> <!-- Surefire test -->
