<?xml version="1.0" encoding="UTF-8"?>
<!-- Generated by org.testng.reporters.JUnitXMLReporter -->
<testsuite ignored="0" hostname="192.168.1.34.non-exists.ptr.local" failures="0" tests="2" name="Error validation test" time="3651.323" errors="0" timestamp="2024-11-05T19:01:16 ICT">
  <testcase classname="anhlan.tests.errorValidations" name="loginErrorValidation" time="0.0">
    <skipped/>
  </testcase> <!-- loginErrorValidation -->
  <testcase classname="anhlan.tests.errorValidations" name="productErrorValidation" time="0.0">
    <skipped/>
  </testcase> <!-- productErrorValidation -->
</testsuite> <!-- Error validation test -->
