<?xml version="1.0" encoding="UTF-8"?>
<testsuite xmlns:xsi="http://www.w3.org/2001/XMLSchema-instance" xsi:noNamespaceSchemaLocation="https://maven.apache.org/surefire/maven-surefire-plugin/xsd/surefire-test-report.xsd" version="3.0.2" name="TestSuite" time="5291.253" tests="8" errors="0" skipped="3" failures="2">
  <properties>
[...]
</properties>
  <testcase name="launchApplication" classname="anhlan.tests.errorValidations" time="2030.382">
    <failure message="java.net.http.HttpTimeoutException: request timed out&#10;Build info: version: &apos;4.25.0&apos;, revision: &apos;8a8aea2337&apos;&#10;System info: os.name: &apos;Mac OS X&apos;, os.arch: &apos;aarch64&apos;, os.version: &apos;15.0.1&apos;, java.version: &apos;21.0.4&apos;&#10;Driver info: org.openqa.selenium.chrome.ChromeDriver&#10;Command: [192211bd101e8c6e29e49d8899c2daa8, get {url=https://rahulshettyacademy.com/client}]&#10;Capabilities {acceptInsecureCerts: false, browserName: chrome, browserVersion: 130.0.6723.92, chrome: {chromedriverVersion: 130.0.6723.91 (53ac07678369..., userDataDir: /var/folders/zx/lft7lzk56tl...}, fedcm:accounts: true, goog:chromeOptions: {debuggerAddress: localhost:56115}, networkConnectionEnabled: false, pageLoadStrategy: normal, platformName: mac, proxy: Proxy(), se:cdp: ws://localhost:56115/devtoo..., se:cdpVersion: 130.0.6723.92, setWindowRect: true, strictFileInteractability: false, timeouts: {implicit: 0, pageLoad: 300000, script: 30000}, unhandledPromptBehavior: dismiss and notify, webauthn:extension:credBlob: true, webauthn:extension:largeBlob: true, webauthn:extension:minPinLength: true, webauthn:extension:prf: true, webauthn:virtualAuthenticators: true}&#10;Session ID: 192211bd101e8c6e29e49d8899c2daa8" type="org.openqa.selenium.TimeoutException"><![CDATA[org.openqa.selenium.TimeoutException: 
java.net.http.HttpTimeoutException: request timed out
Build info: version: '4.25.0', revision: '8a8aea2337'
System info: os.name: 'Mac OS X', os.arch: 'aarch64', os.version: '15.0.1', java.version: '21.0.4'
Driver info: org.openqa.selenium.chrome.ChromeDriver
Command: [192211bd101e8c6e29e49d8899c2daa8, get {url=https://rahulshettyacademy.com/client}]
Capabilities {acceptInsecureCerts: false, browserName: chrome, browserVersion: 130.0.6723.92, chrome: {chromedriverVersion: 130.0.6723.91 (53ac07678369..., userDataDir: /var/folders/zx/lft7lzk56tl...}, fedcm:accounts: true, goog:chromeOptions: {debuggerAddress: localhost:56115}, networkConnectionEnabled: false, pageLoadStrategy: normal, platformName: mac, proxy: Proxy(), se:cdp: ws://localhost:56115/devtoo..., se:cdpVersion: 130.0.6723.92, setWindowRect: true, strictFileInteractability: false, timeouts: {implicit: 0, pageLoad: 300000, script: 30000}, unhandledPromptBehavior: dismiss and notify, webauthn:extension:credBlob: true, webauthn:extension:largeBlob: true, webauthn:extension:minPinLength: true, webauthn:extension:prf: true, webauthn:virtualAuthenticators: true}
Session ID: 192211bd101e8c6e29e49d8899c2daa8
	at org.openqa.selenium.remote.http.jdk.JdkHttpClient.execute0(JdkHttpClient.java:408)
	at org.openqa.selenium.remote.http.AddSeleniumUserAgent.lambda$apply$0(AddSeleniumUserAgent.java:42)
	at org.openqa.selenium.remote.http.Filter.lambda$andFinally$1(Filter.java:55)
	at org.openqa.selenium.remote.http.jdk.JdkHttpClient.execute(JdkHttpClient.java:374)
	at org.openqa.selenium.remote.HttpCommandExecutor.execute(HttpCommandExecutor.java:187)
	at org.openqa.selenium.remote.service.DriverCommandExecutor.invokeExecute(DriverCommandExecutor.java:216)
	at org.openqa.selenium.remote.service.DriverCommandExecutor.execute(DriverCommandExecutor.java:174)
	at org.openqa.selenium.remote.RemoteWebDriver.execute(RemoteWebDriver.java:545)
	at org.openqa.selenium.remote.RemoteWebDriver.get(RemoteWebDriver.java:313)
	at anhlan.pageObjects.landingPage.goTo(landingPage.java:31)
	at anhlan.testComponents.baseTest.launchApplication(baseTest.java:61)
	at java.base/jdk.internal.reflect.DirectMethodHandleAccessor.invoke(DirectMethodHandleAccessor.java:103)
	at java.base/java.lang.reflect.Method.invoke(Method.java:580)
	at org.testng.internal.invokers.MethodInvocationHelper.invokeMethod(MethodInvocationHelper.java:141)
	at org.testng.internal.invokers.MethodInvocationHelper.invokeMethodConsideringTimeout(MethodInvocationHelper.java:71)
	at org.testng.internal.invokers.ConfigInvoker.invokeConfigurationMethod(ConfigInvoker.java:400)
	at org.testng.internal.invokers.ConfigInvoker.invokeConfigurations(ConfigInvoker.java:333)
	at org.testng.internal.invokers.TestInvoker.runConfigMethods(TestInvoker.java:833)
	at org.testng.internal.invokers.TestInvoker.invokeMethod(TestInvoker.java:600)
	at org.testng.internal.invokers.TestInvoker.invokeTestMethod(TestInvoker.java:230)
	at org.testng.internal.invokers.MethodRunner.runInSequence(MethodRunner.java:63)
	at org.testng.internal.invokers.TestInvoker$MethodInvocationAgent.invoke(TestInvoker.java:992)
	at org.testng.internal.invokers.TestInvoker.invokeTestMethods(TestInvoker.java:203)
	at org.testng.internal.invokers.TestMethodWorker.invokeTestMethods(TestMethodWorker.java:154)
	at org.testng.internal.invokers.TestMethodWorker.run(TestMethodWorker.java:134)
	at java.base/java.util.ArrayList.forEach(ArrayList.java:1596)
	at org.testng.TestRunner.privateRun(TestRunner.java:739)
	at org.testng.TestRunner.run(TestRunner.java:614)
	at org.testng.SuiteRunner.runTest(SuiteRunner.java:421)
	at org.testng.SuiteRunner$SuiteWorker.run(SuiteRunner.java:463)
	at org.testng.internal.thread.ThreadUtil.lambda$execute$0(ThreadUtil.java:64)
	at java.base/java.util.concurrent.FutureTask.run(FutureTask.java:317)
	at java.base/java.util.concurrent.ThreadPoolExecutor.runWorker(ThreadPoolExecutor.java:1144)
	at java.base/java.util.concurrent.ThreadPoolExecutor$Worker.run(ThreadPoolExecutor.java:642)
	at java.base/java.lang.Thread.run(Thread.java:1583)
Caused by: java.net.http.HttpTimeoutException: request timed out
	at java.net.http/jdk.internal.net.http.ResponseTimerEvent.handle(ResponseTimerEvent.java:63)
	at java.net.http/jdk.internal.net.http.HttpClientImpl.purgeTimeoutsAndReturnNextDeadline(HttpClientImpl.java:1778)
	at java.net.http/jdk.internal.net.http.HttpClientImpl$SelectorManager.run(HttpClientImpl.java:1376)
]]></failure>
    <system-out><![CDATA[18:00:24.580 [main] DEBUG org.testng.TestNG - suiteXmlPath: "/Users/anhlan/IdeaProjects/SeleniumFrameworkDesign/testSuites/testng.xml"
18:00:24.738 [TestNG-tests-2] DEBUG io.github.bonigarcia.wdm.WebDriverManager - Using WebDriverManager 5.9.2
18:00:24.817 [TestNG-tests-1] DEBUG io.github.bonigarcia.wdm.WebDriverManager - Using WebDriverManager 5.9.2
18:00:24.902 [TestNG-tests-2] DEBUG io.github.bonigarcia.wdm.cache.ResolutionCache - Removing resolution chrome=130 from cache (expired on Mon Nov 04 18:16:23 ICT 2024)
18:00:24.902 [TestNG-tests-1] DEBUG io.github.bonigarcia.wdm.cache.ResolutionCache - Removing resolution chrome=130 from cache (expired on Mon Nov 04 18:16:23 ICT 2024)
18:00:24.909 [TestNG-tests-2] DEBUG org.apache.hc.client5.http.impl.classic.InternalHttpClient - ex-0000000001 preparing request execution
18:00:24.909 [TestNG-tests-1] DEBUG org.apache.hc.client5.http.impl.classic.InternalHttpClient - ex-0000000002 preparing request execution
18:00:24.912 [TestNG-tests-2] DEBUG org.apache.hc.client5.http.impl.classic.ProtocolExec - ex-0000000001 target auth state: UNCHALLENGED
18:00:24.912 [TestNG-tests-1] DEBUG org.apache.hc.client5.http.impl.classic.ProtocolExec - ex-0000000002 target auth state: UNCHALLENGED
18:00:24.913 [TestNG-tests-2] DEBUG org.apache.hc.client5.http.impl.classic.ProtocolExec - ex-0000000001 proxy auth state: UNCHALLENGED
18:00:24.913 [TestNG-tests-1] DEBUG org.apache.hc.client5.http.impl.classic.ProtocolExec - ex-0000000002 proxy auth state: UNCHALLENGED
18:00:24.913 [TestNG-tests-2] DEBUG org.apache.hc.client5.http.impl.classic.ConnectExec - ex-0000000001 acquiring connection with route {s}->https://raw.githubusercontent.com:443
18:00:24.913 [TestNG-tests-1] DEBUG org.apache.hc.client5.http.impl.classic.ConnectExec - ex-0000000002 acquiring connection with route {s}->https://raw.githubusercontent.com:443
18:00:24.913 [TestNG-tests-2] DEBUG org.apache.hc.client5.http.impl.classic.InternalHttpClient - ex-0000000001 acquiring endpoint (3 MINUTES)
18:00:24.913 [TestNG-tests-1] DEBUG org.apache.hc.client5.http.impl.classic.InternalHttpClient - ex-0000000002 acquiring endpoint (3 MINUTES)
18:00:24.913 [TestNG-tests-1] DEBUG org.apache.hc.client5.http.impl.io.PoolingHttpClientConnectionManager - ex-0000000002 endpoint lease request (3 MINUTES) [route: {s}->https://raw.githubusercontent.com:443][total available: 0; route allocated: 0 of 5; total allocated: 0 of 25]
18:00:24.913 [TestNG-tests-2] DEBUG org.apache.hc.client5.http.impl.io.PoolingHttpClientConnectionManager - ex-0000000001 endpoint lease request (3 MINUTES) [route: {s}->https://raw.githubusercontent.com:443][total available: 0; route allocated: 0 of 5; total allocated: 0 of 25]
18:00:24.915 [TestNG-tests-1] DEBUG org.apache.hc.client5.http.impl.io.PoolingHttpClientConnectionManager - ex-0000000002 endpoint leased [route: {s}->https://raw.githubusercontent.com:443][total available: 0; route allocated: 1 of 5; total allocated: 1 of 25]
18:00:24.915 [TestNG-tests-2] DEBUG org.apache.hc.client5.http.impl.io.PoolingHttpClientConnectionManager - ex-0000000001 endpoint leased [route: {s}->https://raw.githubusercontent.com:443][total available: 0; route allocated: 1 of 5; total allocated: 1 of 25]
18:00:24.930 [TestNG-tests-2] DEBUG org.apache.hc.client5.http.impl.io.PoolingHttpClientConnectionManager - ex-0000000001 acquired ep-0000000002
18:00:24.930 [TestNG-tests-1] DEBUG org.apache.hc.client5.http.impl.io.PoolingHttpClientConnectionManager - ex-0000000002 acquired ep-0000000001
18:00:24.930 [TestNG-tests-2] DEBUG org.apache.hc.client5.http.impl.classic.InternalHttpClient - ex-0000000001 acquired endpoint ep-0000000002
18:00:24.930 [TestNG-tests-1] DEBUG org.apache.hc.client5.http.impl.classic.InternalHttpClient - ex-0000000002 acquired endpoint ep-0000000001
18:00:24.930 [TestNG-tests-2] DEBUG org.apache.hc.client5.http.impl.classic.ConnectExec - ex-0000000001 opening connection {s}->https://raw.githubusercontent.com:443
18:00:24.930 [TestNG-tests-1] DEBUG org.apache.hc.client5.http.impl.classic.ConnectExec - ex-0000000002 opening connection {s}->https://raw.githubusercontent.com:443
18:00:24.931 [TestNG-tests-2] DEBUG org.apache.hc.client5.http.impl.classic.InternalHttpClient - ep-0000000002 connecting endpoint (null)
18:00:24.931 [TestNG-tests-1] DEBUG org.apache.hc.client5.http.impl.classic.InternalHttpClient - ep-0000000001 connecting endpoint (null)
18:00:24.931 [TestNG-tests-2] DEBUG org.apache.hc.client5.http.impl.io.PoolingHttpClientConnectionManager - ep-0000000002 connecting endpoint to https://raw.githubusercontent.com:443 (30 SECONDS)
18:00:24.931 [TestNG-tests-1] DEBUG org.apache.hc.client5.http.impl.io.PoolingHttpClientConnectionManager - ep-0000000001 connecting endpoint to https://raw.githubusercontent.com:443 (30 SECONDS)
18:00:24.931 [TestNG-tests-2] DEBUG org.apache.hc.client5.http.impl.io.DefaultHttpClientConnectionOperator - raw.githubusercontent.com resolving remote address
18:00:24.931 [TestNG-tests-1] DEBUG org.apache.hc.client5.http.impl.io.DefaultHttpClientConnectionOperator - raw.githubusercontent.com resolving remote address
18:00:24.958 [TestNG-tests-1] DEBUG org.apache.hc.client5.http.impl.io.DefaultHttpClientConnectionOperator - raw.githubusercontent.com resolved to [raw.githubusercontent.com/185.199.111.133, raw.githubusercontent.com/185.199.110.133, raw.githubusercontent.com/185.199.109.133, raw.githubusercontent.com/185.199.108.133, raw.githubusercontent.com/2606:50c0:8000:0:0:0:0:154, raw.githubusercontent.com/2606:50c0:8001:0:0:0:0:154, raw.githubusercontent.com/2606:50c0:8003:0:0:0:0:154, raw.githubusercontent.com/2606:50c0:8002:0:0:0:0:154]
18:00:24.958 [TestNG-tests-2] DEBUG org.apache.hc.client5.http.impl.io.DefaultHttpClientConnectionOperator - raw.githubusercontent.com resolved to [raw.githubusercontent.com/185.199.111.133, raw.githubusercontent.com/185.199.110.133, raw.githubusercontent.com/185.199.109.133, raw.githubusercontent.com/185.199.108.133, raw.githubusercontent.com/2606:50c0:8000:0:0:0:0:154, raw.githubusercontent.com/2606:50c0:8001:0:0:0:0:154, raw.githubusercontent.com/2606:50c0:8003:0:0:0:0:154, raw.githubusercontent.com/2606:50c0:8002:0:0:0:0:154]
18:00:24.969 [TestNG-tests-1] DEBUG org.apache.hc.client5.http.impl.io.DefaultHttpClientConnectionOperator - raw.githubusercontent.com:443 connecting null->raw.githubusercontent.com/185.199.111.133:443 (30 SECONDS)
18:00:24.969 [TestNG-tests-2] DEBUG org.apache.hc.client5.http.impl.io.DefaultHttpClientConnectionOperator - raw.githubusercontent.com:443 connecting null->raw.githubusercontent.com/185.199.111.133:443 (30 SECONDS)
18:00:24.969 [TestNG-tests-1] DEBUG org.apache.hc.client5.http.ssl.SSLConnectionSocketFactory - Connecting socket to raw.githubusercontent.com/185.199.111.133:443 with timeout 30 SECONDS
18:00:24.969 [TestNG-tests-2] DEBUG org.apache.hc.client5.http.ssl.SSLConnectionSocketFactory - Connecting socket to raw.githubusercontent.com/185.199.111.133:443 with timeout 30 SECONDS
18:00:25.095 [TestNG-tests-2] DEBUG org.apache.hc.client5.http.ssl.SSLConnectionSocketFactory - Enabled protocols: [TLSv1.3, TLSv1.2]
18:00:25.095 [TestNG-tests-1] DEBUG org.apache.hc.client5.http.ssl.SSLConnectionSocketFactory - Enabled protocols: [TLSv1.3, TLSv1.2]
18:00:25.095 [TestNG-tests-2] DEBUG org.apache.hc.client5.http.ssl.SSLConnectionSocketFactory - Enabled cipher suites: [TLS_AES_256_GCM_SHA384, TLS_AES_128_GCM_SHA256, TLS_CHACHA20_POLY1305_SHA256, TLS_ECDHE_ECDSA_WITH_AES_256_GCM_SHA384, TLS_ECDHE_ECDSA_WITH_AES_128_GCM_SHA256, TLS_ECDHE_ECDSA_WITH_CHACHA20_POLY1305_SHA256, TLS_ECDHE_RSA_WITH_AES_256_GCM_SHA384, TLS_ECDHE_RSA_WITH_CHACHA20_POLY1305_SHA256, TLS_ECDHE_RSA_WITH_AES_128_GCM_SHA256, TLS_DHE_RSA_WITH_AES_256_GCM_SHA384, TLS_DHE_RSA_WITH_CHACHA20_POLY1305_SHA256, TLS_DHE_DSS_WITH_AES_256_GCM_SHA384, TLS_DHE_RSA_WITH_AES_128_GCM_SHA256, TLS_DHE_DSS_WITH_AES_128_GCM_SHA256, TLS_ECDHE_ECDSA_WITH_AES_256_CBC_SHA384, TLS_ECDHE_RSA_WITH_AES_256_CBC_SHA384, TLS_ECDHE_ECDSA_WITH_AES_128_CBC_SHA256, TLS_ECDHE_RSA_WITH_AES_128_CBC_SHA256, TLS_DHE_RSA_WITH_AES_256_CBC_SHA256, TLS_DHE_DSS_WITH_AES_256_CBC_SHA256, TLS_DHE_RSA_WITH_AES_128_CBC_SHA256, TLS_DHE_DSS_WITH_AES_128_CBC_SHA256, TLS_ECDHE_ECDSA_WITH_AES_256_CBC_SHA, TLS_ECDHE_RSA_WITH_AES_256_CBC_SHA, TLS_ECDHE_ECDSA_WITH_AES_128_CBC_SHA, TLS_ECDHE_RSA_WITH_AES_128_CBC_SHA, TLS_DHE_RSA_WITH_AES_256_CBC_SHA, TLS_DHE_DSS_WITH_AES_256_CBC_SHA, TLS_DHE_RSA_WITH_AES_128_CBC_SHA, TLS_DHE_DSS_WITH_AES_128_CBC_SHA, TLS_RSA_WITH_AES_256_GCM_SHA384, TLS_RSA_WITH_AES_128_GCM_SHA256, TLS_RSA_WITH_AES_256_CBC_SHA256, TLS_RSA_WITH_AES_128_CBC_SHA256, TLS_RSA_WITH_AES_256_CBC_SHA, TLS_RSA_WITH_AES_128_CBC_SHA, TLS_EMPTY_RENEGOTIATION_INFO_SCSV]
18:00:25.095 [TestNG-tests-1] DEBUG org.apache.hc.client5.http.ssl.SSLConnectionSocketFactory - Enabled cipher suites: [TLS_AES_256_GCM_SHA384, TLS_AES_128_GCM_SHA256, TLS_CHACHA20_POLY1305_SHA256, TLS_ECDHE_ECDSA_WITH_AES_256_GCM_SHA384, TLS_ECDHE_ECDSA_WITH_AES_128_GCM_SHA256, TLS_ECDHE_ECDSA_WITH_CHACHA20_POLY1305_SHA256, TLS_ECDHE_RSA_WITH_AES_256_GCM_SHA384, TLS_ECDHE_RSA_WITH_CHACHA20_POLY1305_SHA256, TLS_ECDHE_RSA_WITH_AES_128_GCM_SHA256, TLS_DHE_RSA_WITH_AES_256_GCM_SHA384, TLS_DHE_RSA_WITH_CHACHA20_POLY1305_SHA256, TLS_DHE_DSS_WITH_AES_256_GCM_SHA384, TLS_DHE_RSA_WITH_AES_128_GCM_SHA256, TLS_DHE_DSS_WITH_AES_128_GCM_SHA256, TLS_ECDHE_ECDSA_WITH_AES_256_CBC_SHA384, TLS_ECDHE_RSA_WITH_AES_256_CBC_SHA384, TLS_ECDHE_ECDSA_WITH_AES_128_CBC_SHA256, TLS_ECDHE_RSA_WITH_AES_128_CBC_SHA256, TLS_DHE_RSA_WITH_AES_256_CBC_SHA256, TLS_DHE_DSS_WITH_AES_256_CBC_SHA256, TLS_DHE_RSA_WITH_AES_128_CBC_SHA256, TLS_DHE_DSS_WITH_AES_128_CBC_SHA256, TLS_ECDHE_ECDSA_WITH_AES_256_CBC_SHA, TLS_ECDHE_RSA_WITH_AES_256_CBC_SHA, TLS_ECDHE_ECDSA_WITH_AES_128_CBC_SHA, TLS_ECDHE_RSA_WITH_AES_128_CBC_SHA, TLS_DHE_RSA_WITH_AES_256_CBC_SHA, TLS_DHE_DSS_WITH_AES_256_CBC_SHA, TLS_DHE_RSA_WITH_AES_128_CBC_SHA, TLS_DHE_DSS_WITH_AES_128_CBC_SHA, TLS_RSA_WITH_AES_256_GCM_SHA384, TLS_RSA_WITH_AES_128_GCM_SHA256, TLS_RSA_WITH_AES_256_CBC_SHA256, TLS_RSA_WITH_AES_128_CBC_SHA256, TLS_RSA_WITH_AES_256_CBC_SHA, TLS_RSA_WITH_AES_128_CBC_SHA, TLS_EMPTY_RENEGOTIATION_INFO_SCSV]
18:00:25.096 [TestNG-tests-2] DEBUG org.apache.hc.client5.http.ssl.SSLConnectionSocketFactory - Starting handshake (null)
18:00:25.096 [TestNG-tests-1] DEBUG org.apache.hc.client5.http.ssl.SSLConnectionSocketFactory - Starting handshake (null)
18:00:25.210 [TestNG-tests-1] DEBUG org.apache.hc.client5.http.ssl.SSLConnectionSocketFactory - Secure session established
18:00:25.210 [TestNG-tests-2] DEBUG org.apache.hc.client5.http.ssl.SSLConnectionSocketFactory - Secure session established
18:00:25.210 [TestNG-tests-1] DEBUG org.apache.hc.client5.http.ssl.SSLConnectionSocketFactory -  negotiated protocol: TLSv1.3
18:00:25.210 [TestNG-tests-2] DEBUG org.apache.hc.client5.http.ssl.SSLConnectionSocketFactory -  negotiated protocol: TLSv1.3
18:00:25.210 [TestNG-tests-1] DEBUG org.apache.hc.client5.http.ssl.SSLConnectionSocketFactory -  negotiated cipher suite: TLS_AES_128_GCM_SHA256
18:00:25.210 [TestNG-tests-2] DEBUG org.apache.hc.client5.http.ssl.SSLConnectionSocketFactory -  negotiated cipher suite: TLS_AES_128_GCM_SHA256
18:00:25.210 [TestNG-tests-2] DEBUG org.apache.hc.client5.http.ssl.SSLConnectionSocketFactory -  peer principal: CN=*.github.io, O="GitHub, Inc.", L=San Francisco, ST=California, C=US
18:00:25.210 [TestNG-tests-1] DEBUG org.apache.hc.client5.http.ssl.SSLConnectionSocketFactory -  peer principal: CN=*.github.io, O="GitHub, Inc.", L=San Francisco, ST=California, C=US
18:00:25.212 [TestNG-tests-2] DEBUG org.apache.hc.client5.http.ssl.SSLConnectionSocketFactory -  peer alternative names: [*.github.io, github.io, githubusercontent.com, www.github.com, *.github.com, *.githubusercontent.com, github.com]
18:00:25.212 [TestNG-tests-1] DEBUG org.apache.hc.client5.http.ssl.SSLConnectionSocketFactory -  peer alternative names: [*.github.io, github.io, githubusercontent.com, www.github.com, *.github.com, *.githubusercontent.com, github.com]
18:00:25.212 [TestNG-tests-2] DEBUG org.apache.hc.client5.http.ssl.SSLConnectionSocketFactory -  issuer principal: CN=DigiCert Global G2 TLS RSA SHA256 2020 CA1, O=DigiCert Inc, C=US
18:00:25.212 [TestNG-tests-1] DEBUG org.apache.hc.client5.http.ssl.SSLConnectionSocketFactory -  issuer principal: CN=DigiCert Global G2 TLS RSA SHA256 2020 CA1, O=DigiCert Inc, C=US
18:00:25.212 [TestNG-tests-1] DEBUG org.apache.hc.client5.http.impl.io.DefaultManagedHttpClientConnection - http-outgoing-0 set socket timeout to 3 MINUTES
18:00:25.212 [TestNG-tests-2] DEBUG org.apache.hc.client5.http.impl.io.DefaultManagedHttpClientConnection - http-outgoing-1 set socket timeout to 3 MINUTES
18:00:25.212 [TestNG-tests-1] DEBUG org.apache.hc.client5.http.impl.io.DefaultHttpClientConnectionOperator - raw.githubusercontent.com:443 connected null->raw.githubusercontent.com/185.199.111.133:443 as http-outgoing-0
18:00:25.212 [TestNG-tests-2] DEBUG org.apache.hc.client5.http.impl.io.DefaultHttpClientConnectionOperator - raw.githubusercontent.com:443 connected null->raw.githubusercontent.com/185.199.111.133:443 as http-outgoing-1
18:00:25.212 [TestNG-tests-1] DEBUG org.apache.hc.client5.http.impl.io.PoolingHttpClientConnectionManager - ep-0000000001 connected http-outgoing-0
18:00:25.212 [TestNG-tests-2] DEBUG org.apache.hc.client5.http.impl.io.PoolingHttpClientConnectionManager - ep-0000000002 connected http-outgoing-1
18:00:25.212 [TestNG-tests-1] DEBUG org.apache.hc.client5.http.impl.classic.InternalHttpClient - ep-0000000001 endpoint connected
18:00:25.212 [TestNG-tests-2] DEBUG org.apache.hc.client5.http.impl.classic.InternalHttpClient - ep-0000000002 endpoint connected
18:00:25.212 [TestNG-tests-2] DEBUG org.apache.hc.client5.http.impl.classic.MainClientExec - ex-0000000001 executing GET /bonigarcia/webdrivermanager/master/src/main/resources/commands.properties HTTP/1.1
18:00:25.212 [TestNG-tests-1] DEBUG org.apache.hc.client5.http.impl.classic.MainClientExec - ex-0000000002 executing GET /bonigarcia/webdrivermanager/master/src/main/resources/commands.properties HTTP/1.1
18:00:25.213 [TestNG-tests-2] DEBUG org.apache.hc.client5.http.protocol.RequestAddCookies - ex-0000000001 Cookie spec selected: strict
18:00:25.213 [TestNG-tests-1] DEBUG org.apache.hc.client5.http.protocol.RequestAddCookies - ex-0000000002 Cookie spec selected: strict
18:00:25.215 [TestNG-tests-2] DEBUG org.apache.hc.client5.http.impl.classic.InternalHttpClient - ep-0000000002 start execution ex-0000000001
18:00:25.215 [TestNG-tests-1] DEBUG org.apache.hc.client5.http.impl.classic.InternalHttpClient - ep-0000000001 start execution ex-0000000002
18:00:25.215 [TestNG-tests-2] DEBUG org.apache.hc.client5.http.impl.io.PoolingHttpClientConnectionManager - ep-0000000002 executing exchange ex-0000000001 over http-outgoing-1
18:00:25.215 [TestNG-tests-1] DEBUG org.apache.hc.client5.http.impl.io.PoolingHttpClientConnectionManager - ep-0000000001 executing exchange ex-0000000002 over http-outgoing-0
18:00:25.215 [TestNG-tests-2] DEBUG org.apache.hc.client5.http.headers - http-outgoing-1 >> GET /bonigarcia/webdrivermanager/master/src/main/resources/commands.properties HTTP/1.1
18:00:25.215 [TestNG-tests-1] DEBUG org.apache.hc.client5.http.headers - http-outgoing-0 >> GET /bonigarcia/webdrivermanager/master/src/main/resources/commands.properties HTTP/1.1
18:00:25.215 [TestNG-tests-2] DEBUG org.apache.hc.client5.http.headers - http-outgoing-1 >> user-agent: Apache-HttpClient/5.0
18:00:25.215 [TestNG-tests-1] DEBUG org.apache.hc.client5.http.headers - http-outgoing-0 >> user-agent: Apache-HttpClient/5.0
18:00:25.216 [TestNG-tests-2] DEBUG org.apache.hc.client5.http.headers - http-outgoing-1 >> accept-encoding: gzip, deflate, br
18:00:25.216 [TestNG-tests-1] DEBUG org.apache.hc.client5.http.headers - http-outgoing-0 >> accept-encoding: gzip, deflate, br
18:00:25.216 [TestNG-tests-2] DEBUG org.apache.hc.client5.http.headers - http-outgoing-1 >> cache-control: max-age=0
18:00:25.216 [TestNG-tests-1] DEBUG org.apache.hc.client5.http.headers - http-outgoing-0 >> cache-control: max-age=0
18:00:25.216 [TestNG-tests-2] DEBUG org.apache.hc.client5.http.headers - http-outgoing-1 >> connection: keep-alive
18:00:25.216 [TestNG-tests-1] DEBUG org.apache.hc.client5.http.headers - http-outgoing-0 >> connection: keep-alive
18:00:25.216 [TestNG-tests-2] DEBUG org.apache.hc.client5.http.headers - http-outgoing-1 >> Host: raw.githubusercontent.com
18:00:25.216 [TestNG-tests-1] DEBUG org.apache.hc.client5.http.headers - http-outgoing-0 >> Host: raw.githubusercontent.com
18:00:25.216 [TestNG-tests-2] DEBUG org.apache.hc.client5.http.wire - http-outgoing-1 >> "GET /bonigarcia/webdrivermanager/master/src/main/resources/commands.properties HTTP/1.1[\r][\n]"
18:00:25.216 [TestNG-tests-1] DEBUG org.apache.hc.client5.http.wire - http-outgoing-0 >> "GET /bonigarcia/webdrivermanager/master/src/main/resources/commands.properties HTTP/1.1[\r][\n]"
18:00:25.216 [TestNG-tests-2] DEBUG org.apache.hc.client5.http.wire - http-outgoing-1 >> "user-agent: Apache-HttpClient/5.0[\r][\n]"
18:00:25.216 [TestNG-tests-1] DEBUG org.apache.hc.client5.http.wire - http-outgoing-0 >> "user-agent: Apache-HttpClient/5.0[\r][\n]"
18:00:25.216 [TestNG-tests-2] DEBUG org.apache.hc.client5.http.wire - http-outgoing-1 >> "accept-encoding: gzip, deflate, br[\r][\n]"
18:00:25.216 [TestNG-tests-1] DEBUG org.apache.hc.client5.http.wire - http-outgoing-0 >> "accept-encoding: gzip, deflate, br[\r][\n]"
18:00:25.216 [TestNG-tests-2] DEBUG org.apache.hc.client5.http.wire - http-outgoing-1 >> "cache-control: max-age=0[\r][\n]"
18:00:25.216 [TestNG-tests-1] DEBUG org.apache.hc.client5.http.wire - http-outgoing-0 >> "cache-control: max-age=0[\r][\n]"
18:00:25.216 [TestNG-tests-2] DEBUG org.apache.hc.client5.http.wire - http-outgoing-1 >> "connection: keep-alive[\r][\n]"
18:00:25.216 [TestNG-tests-1] DEBUG org.apache.hc.client5.http.wire - http-outgoing-0 >> "connection: keep-alive[\r][\n]"
18:00:25.216 [TestNG-tests-2] DEBUG org.apache.hc.client5.http.wire - http-outgoing-1 >> "Host: raw.githubusercontent.com[\r][\n]"
18:00:25.216 [TestNG-tests-1] DEBUG org.apache.hc.client5.http.wire - http-outgoing-0 >> "Host: raw.githubusercontent.com[\r][\n]"
18:00:25.219 [TestNG-tests-1] DEBUG org.apache.hc.client5.http.wire - http-outgoing-0 >> "[\r][\n]"
18:00:25.219 [TestNG-tests-2] DEBUG org.apache.hc.client5.http.wire - http-outgoing-1 >> "[\r][\n]"
18:00:25.275 [TestNG-tests-1] DEBUG org.apache.hc.client5.http.wire - http-outgoing-0 << "HTTP/1.1 200 OK[\r][\n]"
18:00:25.275 [TestNG-tests-1] DEBUG org.apache.hc.client5.http.wire - http-outgoing-0 << "Connection: keep-alive[\r][\n]"
18:00:25.275 [TestNG-tests-1] DEBUG org.apache.hc.client5.http.wire - http-outgoing-0 << "Content-Length: 745[\r][\n]"
18:00:25.275 [TestNG-tests-1] DEBUG org.apache.hc.client5.http.wire - http-outgoing-0 << "Cache-Control: max-age=300[\r][\n]"
18:00:25.275 [TestNG-tests-1] DEBUG org.apache.hc.client5.http.wire - http-outgoing-0 << "Content-Security-Policy: default-src 'none'; style-src 'unsafe-inline'; sandbox[\r][\n]"
18:00:25.275 [TestNG-tests-1] DEBUG org.apache.hc.client5.http.wire - http-outgoing-0 << "Content-Type: text/plain; charset=utf-8[\r][\n]"
18:00:25.275 [TestNG-tests-1] DEBUG org.apache.hc.client5.http.wire - http-outgoing-0 << "ETag: W/"dd41edff335272162022217759820159dac501cff56850e2510f504462cd9b5f"[\r][\n]"
18:00:25.275 [TestNG-tests-1] DEBUG org.apache.hc.client5.http.wire - http-outgoing-0 << "Strict-Transport-Security: max-age=31536000[\r][\n]"
18:00:25.275 [TestNG-tests-1] DEBUG org.apache.hc.client5.http.wire - http-outgoing-0 << "X-Content-Type-Options: nosniff[\r][\n]"
18:00:25.275 [TestNG-tests-1] DEBUG org.apache.hc.client5.http.wire - http-outgoing-0 << "X-Frame-Options: deny[\r][\n]"
18:00:25.275 [TestNG-tests-1] DEBUG org.apache.hc.client5.http.wire - http-outgoing-0 << "X-XSS-Protection: 1; mode=block[\r][\n]"
18:00:25.275 [TestNG-tests-1] DEBUG org.apache.hc.client5.http.wire - http-outgoing-0 << "X-GitHub-Request-Id: 4453:2D58F0:32503F:3A6C08:67180F89[\r][\n]"
18:00:25.275 [TestNG-tests-1] DEBUG org.apache.hc.client5.http.wire - http-outgoing-0 << "Content-Encoding: gzip[\r][\n]"
18:00:25.275 [TestNG-tests-1] DEBUG org.apache.hc.client5.http.wire - http-outgoing-0 << "Accept-Ranges: bytes[\r][\n]"
18:00:25.275 [TestNG-tests-1] DEBUG org.apache.hc.client5.http.wire - http-outgoing-0 << "Date: Tue, 05 Nov 2024 11:00:25 GMT[\r][\n]"
18:00:25.276 [TestNG-tests-1] DEBUG org.apache.hc.client5.http.wire - http-outgoing-0 << "Via: 1.1 varnish[\r][\n]"
18:00:25.276 [TestNG-tests-1] DEBUG org.apache.hc.client5.http.wire - http-outgoing-0 << "X-Served-By: cache-qpg120103-QPG[\r][\n]"
18:00:25.276 [TestNG-tests-1] DEBUG org.apache.hc.client5.http.wire - http-outgoing-0 << "X-Cache: HIT[\r][\n]"
18:00:25.276 [TestNG-tests-1] DEBUG org.apache.hc.client5.http.wire - http-outgoing-0 << "X-Cache-Hits: 1[\r][\n]"
18:00:25.276 [TestNG-tests-1] DEBUG org.apache.hc.client5.http.wire - http-outgoing-0 << "X-Timer: S1730804425.320665,VS0,VE1[\r][\n]"
18:00:25.276 [TestNG-tests-1] DEBUG org.apache.hc.client5.http.wire - http-outgoing-0 << "Vary: Authorization,Accept-Encoding,Origin[\r][\n]"
18:00:25.276 [TestNG-tests-1] DEBUG org.apache.hc.client5.http.wire - http-outgoing-0 << "Access-Control-Allow-Origin: *[\r][\n]"
18:00:25.276 [TestNG-tests-1] DEBUG org.apache.hc.client5.http.wire - http-outgoing-0 << "Cross-Origin-Resource-Policy: cross-origin[\r][\n]"
18:00:25.276 [TestNG-tests-1] DEBUG org.apache.hc.client5.http.wire - http-outgoing-0 << "X-Fastly-Request-ID: a5ffde6e86bfbae406b57fe08422e0670127f8ba[\r][\n]"
18:00:25.276 [TestNG-tests-1] DEBUG org.apache.hc.client5.http.wire - http-outgoing-0 << "Expires: Tue, 05 Nov 2024 11:05:25 GMT[\r][\n]"
18:00:25.276 [TestNG-tests-1] DEBUG org.apache.hc.client5.http.wire - http-outgoing-0 << "Source-Age: 125[\r][\n]"
18:00:25.276 [TestNG-tests-1] DEBUG org.apache.hc.client5.http.wire - http-outgoing-0 << "[\r][\n]"
18:00:25.277 [TestNG-tests-1] DEBUG org.apache.hc.client5.http.headers - http-outgoing-0 << HTTP/1.1 200 OK
18:00:25.277 [TestNG-tests-1] DEBUG org.apache.hc.client5.http.headers - http-outgoing-0 << Connection: keep-alive
18:00:25.277 [TestNG-tests-1] DEBUG org.apache.hc.client5.http.headers - http-outgoing-0 << Content-Length: 745
18:00:25.277 [TestNG-tests-1] DEBUG org.apache.hc.client5.http.headers - http-outgoing-0 << Cache-Control: max-age=300
18:00:25.277 [TestNG-tests-1] DEBUG org.apache.hc.client5.http.headers - http-outgoing-0 << Content-Security-Policy: default-src 'none'; style-src 'unsafe-inline'; sandbox
18:00:25.277 [TestNG-tests-1] DEBUG org.apache.hc.client5.http.headers - http-outgoing-0 << Content-Type: text/plain; charset=utf-8
18:00:25.277 [TestNG-tests-1] DEBUG org.apache.hc.client5.http.headers - http-outgoing-0 << ETag: W/"dd41edff335272162022217759820159dac501cff56850e2510f504462cd9b5f"
18:00:25.277 [TestNG-tests-1] DEBUG org.apache.hc.client5.http.headers - http-outgoing-0 << Strict-Transport-Security: max-age=31536000
18:00:25.277 [TestNG-tests-1] DEBUG org.apache.hc.client5.http.headers - http-outgoing-0 << X-Content-Type-Options: nosniff
18:00:25.277 [TestNG-tests-1] DEBUG org.apache.hc.client5.http.headers - http-outgoing-0 << X-Frame-Options: deny
18:00:25.277 [TestNG-tests-1] DEBUG org.apache.hc.client5.http.headers - http-outgoing-0 << X-XSS-Protection: 1; mode=block
18:00:25.277 [TestNG-tests-1] DEBUG org.apache.hc.client5.http.headers - http-outgoing-0 << X-GitHub-Request-Id: 4453:2D58F0:32503F:3A6C08:67180F89
18:00:25.277 [TestNG-tests-1] DEBUG org.apache.hc.client5.http.headers - http-outgoing-0 << Content-Encoding: gzip
18:00:25.277 [TestNG-tests-1] DEBUG org.apache.hc.client5.http.headers - http-outgoing-0 << Accept-Ranges: bytes
18:00:25.277 [TestNG-tests-1] DEBUG org.apache.hc.client5.http.headers - http-outgoing-0 << Date: Tue, 05 Nov 2024 11:00:25 GMT
18:00:25.277 [TestNG-tests-1] DEBUG org.apache.hc.client5.http.headers - http-outgoing-0 << Via: 1.1 varnish
18:00:25.277 [TestNG-tests-1] DEBUG org.apache.hc.client5.http.headers - http-outgoing-0 << X-Served-By: cache-qpg120103-QPG
18:00:25.277 [TestNG-tests-1] DEBUG org.apache.hc.client5.http.headers - http-outgoing-0 << X-Cache: HIT
18:00:25.277 [TestNG-tests-1] DEBUG org.apache.hc.client5.http.headers - http-outgoing-0 << X-Cache-Hits: 1
18:00:25.277 [TestNG-tests-1] DEBUG org.apache.hc.client5.http.headers - http-outgoing-0 << X-Timer: S1730804425.320665,VS0,VE1
18:00:25.277 [TestNG-tests-1] DEBUG org.apache.hc.client5.http.headers - http-outgoing-0 << Vary: Authorization,Accept-Encoding,Origin
18:00:25.277 [TestNG-tests-1] DEBUG org.apache.hc.client5.http.headers - http-outgoing-0 << Access-Control-Allow-Origin: *
18:00:25.277 [TestNG-tests-1] DEBUG org.apache.hc.client5.http.headers - http-outgoing-0 << Cross-Origin-Resource-Policy: cross-origin
18:00:25.277 [TestNG-tests-1] DEBUG org.apache.hc.client5.http.headers - http-outgoing-0 << X-Fastly-Request-ID: a5ffde6e86bfbae406b57fe08422e0670127f8ba
18:00:25.277 [TestNG-tests-1] DEBUG org.apache.hc.client5.http.headers - http-outgoing-0 << Expires: Tue, 05 Nov 2024 11:05:25 GMT
18:00:25.277 [TestNG-tests-1] DEBUG org.apache.hc.client5.http.headers - http-outgoing-0 << Source-Age: 125
18:00:25.278 [TestNG-tests-1] DEBUG org.apache.hc.client5.http.impl.classic.MainClientExec - ex-0000000002 connection can be kept alive for 3 MINUTES
18:00:25.279 [TestNG-tests-1] DEBUG org.apache.hc.client5.http.wire - http-outgoing-0 << "[0x1f][0xffffff8b][0x8][0x0][0x0][0x0][0x0][0x0][0x0][0x3][0xffffffb5]W]o[0xffffffda]0[0x14]}[0xffffffe7]W\QUj% [0x1b][0xffffffad][0xffffffa6]i[0x12][0xf]4c[0xffffffdd]4*[0x18][0xffffffb4][0xffffffdd]&[0xfffffff9][0xffffffc5]$N[0xffffffb0][0xffffff94][0xffffffd8][0xffffffc8]NJ[0xffffffb7]_?[0xffffffdb][0xfffffff9]X[0xffffff92]:[0xffffffa3]k[0xffffffe8][0x1b][0xffffffb6][0xffffffef]=[0xffffffe7][0xffffffd8][0xfffffff7][0xffffffe4][0xffffffda][0xffffff9c][0xffffff80][0xffffffcb][0xffffffe3][0x18]3_[0xffffff82][0xffffff8f][0x13][0xffffffbc][0xffffffc1][0xffffff92][0xfffffff4]N[0xffffffe0]vK%[0x4]4"[0xffffffe0]q[0xffffff96]`[0xffffffca]$$[=[0xffffffc8]C[0x13][0xe][0x1b][0x2][0xffffffe4][0xffffff91]xiB|[0xffffffa0][0xffffffcc],[0xffffffcb]-[0xffffff89]"=[0xffffffe0][0xffffffc2]'B[0x7][0xfffffff9]$!^b[0x16][0x1f][0xffffff88][0xffffff90][0xffffff94][0xffffffab][0xffffffb5][0x0][0xffffff88][0xfffffffa][0x1d][\n]"
18:00:25.279 [TestNG-tests-1] DEBUG org.apache.hc.client5.http.wire - http-outgoing-0 << "B[0x18]l[0x4][0xffffffdf]K[0xffffffb5][0xffffffa0]([0xffffffcf][0xffffffdc][0xffffffad][0xffffffe0]1[0x19][0xffffffc0]'*H[0xffffffc0][0x1f][0x7][0xffffffb0][0xffffffd8][0x11][0xffffff81][0x7]0[0xfffffff3]C5kVi[0x1a][0xffffff9f]k|[0xffffff9f][0x6][0x1][0x11][0xffffff84]%[0xffffffc0]uLBY[0x8][0xfffffff2][0xffffff97]LH,[0xffffffe1][0xffffffec];e[0xffffffbe]B[0x1d][0xffffffc0][0xffffff9c][0xffffffb2]T[0xffffffc1][0xffffffdc]`[0xf][0x16][0xffffffeb][0xfffffff3][0xffffff9e][0xffffffe2][0xffffffc8](z[0xfffffff9]6F[0xffffff9e][0x19][0xffffff8e][0xfffffff6]Y[0xffffffc2][0xffffffe8][0xffffffcd][0xffffffdb][0xffffff89][0x17][0xfffffffb]#[0xffffffb5]+p\[0xffffffd8][0xffffffc7][0xffffffd4]3Gb[0xffffff8e]a[0xffffffbf]U|[0xffffffc0]pL&[0xfffffffd][0xffffffd3][0xffffffe5]jq[0xffffffbd][0xffffff9a][0xffffffde]|[0xfffffffa]2[0xffffff9f][0xffffffad]?[0xffffffa0][0x9]B[0xffffffa7][0x8]]s[0x1e]F[0x4][0xffffffa1][0xffffff8c][0x2][0xffffffa1][0xffffffe9]n[0x17]QOI[0xffffffe3][0xc][0xffffffa1][0xffffff9c]H![0xfffffff7]!$[0x9][0xffffffdc][0xffffffe7]g[0xffffffe1]<[0xffffffe0](m[0xffffffd7]3~[0xffffff81][0xffffff9e][0xffffffb3][0x1f][0xffffffef][0xffffffdf][0xffffff9d][0xffffffbf][0xffffffa6][0xffffffa8][0xffffff8b]g[0xffffff8a][0xffffff9a]/[0xffffffdc][0xffffffe9]|[0xffffffba]\~[0xffffff9c][0xffffffde]N_S[0xffffffcf][0xffffffe5]d5[0xffffffbb][0xffffff86]ow[0xffffffb3][0xffffffd5]O[0xfffffff8][0xfffffffc][0xffffffd5][0xffffffbd]Ck[0x1e]${,H[0xffffffc1][0xffffff96][0xffffff93]][0xffffffcd][0xffffffaf][0x8][0xfffffff6][0xc]^[0xffffffe1][0xffffffc5]^[0x13]4[0xffffffd2][0xffffff8e][0xffffffd1]>pR)[0xffffff9c][\r]eNh0[0xffffff86][0xffffffd9]:[0xc][0xffffff87]E[0xffffffa6]=q<i[0xffffff8b]o&[0xffffffc4][0xffffffd8]3<[0xffffff95][0x13][0xffffff90]N&8w[0xffffffe9][0x8][0xffffffef]v[0xffffff8e][0xffffffab][0xffffffbe]>es[0xffffffe9]([0x13]/[0xffffffd6][0xfffffff5][0xffffff80]*[0xffffffba][0xfffffff2]v[0xfffffffe][0xffffffd9][0xffffff94]DA6>[0xffffff8e][0xffffffbb]o[0xfffffff8]o[0x1a]E[0xffffffb8] A[0xffffffa8]@?T[0xffffffad]'*:{[0xfffffffa]xR.*[0xffffffce][0xffffffe9][0xffffffd7][0xffffffad][0xffffff93][0xffffff93]4[0xffffffc9][0xfffffffa][0xffffffda]<n*t[0xffffffeb][0xffffffb9]oV[0xffffffb6][0xffffffc0]/M[0xffffff94]O[0xffffffc0][0xfffffff0][0xffffffe1]i[0xffffff90][0xffffffb5][0xfffffffe]9[0xffffff8b][0xffffffad][0xfffffff2]U,Ul[0xffffffdd][0x13]KL[0xffffffa2][0x6][0xffffffdd][0xffffffca]\?`[0xffffffea][0x9].[0xffffffd5]I [0xffffffa4]i[0x1a]_i,[\r][0xffffffdd][0xffffffa1][0xffffffc3][0xffffffae]kzI[0xffffffd1]_Q[0xffffffce]Ek[0xffffffcb][0xfffffff8]Kf[0xffffffb8][0xfffffffe][0xffffffd9]3[0xc][0xffffffe6][0xffffffd3][0xffffff8e][0x11][0x17][0x10]C[0x1d]`i[0x19][0xffffffd5][0xffffffbc][0xfffffff1][0xffffffa4]5[0xffffffbc][0x1e]o[0xfffffff5]K[0xffffffa9][0xffffffd6][0xfffffff8][0xffffffc1]f[0xffffff9b]z[0x4][0xffffffd4][0x1a][0xffffff86][0xffffffb9]^K[0x16]s[0xffffff91][0xfffffffe][0xffffffbf][0xffffff8b]l]~)x(p,[0x11]2[0x14][0x8]E8e[0xffffff9e][0xffffffca]:X[0xffffffa6][0xffffff86][0xffffff88].[0xffffffb6]9[0xffffff9a][0xffffff88].[0xfffffff7]]G[0xffffffea][0xffffffcb][0xe][0xfffffffb][0x7f].u[0xffffff83][0xffffffbb][0xfffffff4][0xffffffb3][0x19][0xffffffda][0xffffffec][0xffffff98][0xffffffc5]Y[0xfffffffd]h8m6\4[0xffffffc1][0xffffff8a][0xffffffb7][0xffffff98]z[0xffffffd0][0xffffffd5]oF5q[0x1c][0x13][0x16][0xfffffff0][0x1d][0x1e][0x19]5-[0xffffff9d][0xffffffef][0xffffffad]c[0xb]z[0xffffffae]/m[0xffffffe6]8[0xffffffb6][0xffffff96][0xfffffff6]7X[0xffffffc9]t[0xfffffff8][0xfffffff9][0xffffffa5][0x11]K[0xfffffffb][0x15]3[0xffffffc3][0xfffffffc][0x1f]B[0xffffffdb][0xffffffd3][0xffffffab][0xffffff92]4.[0xffffff93]Z[0xffffffdf]]:[0xffffffda][0xffffffea][0xffffffdc]B[0xffffffa6][0xffffffcd][0xffffffbc][0xffffffae][0x5][0xfffffff5][0x4][0xffffffd6]8[0xffffffc0][0xffffff82][0xffffff96][0xfffffff0][0xffffffd2][0xc][0xffffffed][0xffffffe0]Y[0xffffffa8][\r]:[[0xffffffa9][0x0][0xffffffff][0x1][0xfffffff8][0x15][0xffffffb4][0xffffffee][0xffffff8e][\r][0x0][0x0]"
18:00:25.280 [TestNG-tests-1] DEBUG org.apache.hc.client5.http.impl.classic.InternalHttpClient - ep-0000000001 releasing valid endpoint
18:00:25.280 [TestNG-tests-1] DEBUG org.apache.hc.client5.http.impl.io.PoolingHttpClientConnectionManager - ep-0000000001 releasing endpoint
18:00:25.280 [TestNG-tests-1] DEBUG org.apache.hc.client5.http.impl.io.PoolingHttpClientConnectionManager - ep-0000000001 connection http-outgoing-0 can be kept alive for 3 MINUTES
18:00:25.280 [TestNG-tests-1] DEBUG org.apache.hc.client5.http.impl.io.PoolingHttpClientConnectionManager - ep-0000000001 connection released [route: {s}->https://raw.githubusercontent.com:443][total available: 1; route allocated: 1 of 5; total allocated: 1 of 25]
18:00:25.280 [TestNG-tests-1] DEBUG io.github.bonigarcia.wdm.versions.VersionDetector - Detecting chrome version using online commands.properties
18:00:25.281 [TestNG-tests-1] DEBUG io.github.bonigarcia.wdm.versions.Shell - Running command on the shell: [/Applications/Google Chrome.app/Contents/MacOS/Google Chrome, --version]
18:00:25.287 [TestNG-tests-2] DEBUG org.apache.hc.client5.http.wire - http-outgoing-1 << "HTTP/1.1 200 OK[\r][\n]"
18:00:25.287 [TestNG-tests-2] DEBUG org.apache.hc.client5.http.wire - http-outgoing-1 << "Connection: keep-alive[\r][\n]"
18:00:25.287 [TestNG-tests-2] DEBUG org.apache.hc.client5.http.wire - http-outgoing-1 << "Content-Length: 745[\r][\n]"
18:00:25.287 [TestNG-tests-2] DEBUG org.apache.hc.client5.http.wire - http-outgoing-1 << "Cache-Control: max-age=300[\r][\n]"
18:00:25.287 [TestNG-tests-2] DEBUG org.apache.hc.client5.http.wire - http-outgoing-1 << "Content-Security-Policy: default-src 'none'; style-src 'unsafe-inline'; sandbox[\r][\n]"
18:00:25.287 [TestNG-tests-2] DEBUG org.apache.hc.client5.http.wire - http-outgoing-1 << "Content-Type: text/plain; charset=utf-8[\r][\n]"
18:00:25.287 [TestNG-tests-2] DEBUG org.apache.hc.client5.http.wire - http-outgoing-1 << "ETag: W/"dd41edff335272162022217759820159dac501cff56850e2510f504462cd9b5f"[\r][\n]"
18:00:25.287 [TestNG-tests-2] DEBUG org.apache.hc.client5.http.wire - http-outgoing-1 << "Strict-Transport-Security: max-age=31536000[\r][\n]"
18:00:25.287 [TestNG-tests-2] DEBUG org.apache.hc.client5.http.wire - http-outgoing-1 << "X-Content-Type-Options: nosniff[\r][\n]"
18:00:25.287 [TestNG-tests-2] DEBUG org.apache.hc.client5.http.wire - http-outgoing-1 << "X-Frame-Options: deny[\r][\n]"
18:00:25.287 [TestNG-tests-2] DEBUG org.apache.hc.client5.http.wire - http-outgoing-1 << "X-XSS-Protection: 1; mode=block[\r][\n]"
18:00:25.287 [TestNG-tests-2] DEBUG org.apache.hc.client5.http.wire - http-outgoing-1 << "X-GitHub-Request-Id: 4453:2D58F0:32503F:3A6C08:67180F89[\r][\n]"
18:00:25.287 [TestNG-tests-2] DEBUG org.apache.hc.client5.http.wire - http-outgoing-1 << "Content-Encoding: gzip[\r][\n]"
18:00:25.287 [TestNG-tests-2] DEBUG org.apache.hc.client5.http.wire - http-outgoing-1 << "Accept-Ranges: bytes[\r][\n]"
18:00:25.287 [TestNG-tests-2] DEBUG org.apache.hc.client5.http.wire - http-outgoing-1 << "Date: Tue, 05 Nov 2024 11:00:25 GMT[\r][\n]"
18:00:25.287 [TestNG-tests-2] DEBUG org.apache.hc.client5.http.wire - http-outgoing-1 << "Via: 1.1 varnish[\r][\n]"
18:00:25.287 [TestNG-tests-2] DEBUG org.apache.hc.client5.http.wire - http-outgoing-1 << "X-Served-By: cache-qpg1281-QPG[\r][\n]"
18:00:25.287 [TestNG-tests-2] DEBUG org.apache.hc.client5.http.wire - http-outgoing-1 << "X-Cache: HIT[\r][\n]"
18:00:25.287 [TestNG-tests-2] DEBUG org.apache.hc.client5.http.wire - http-outgoing-1 << "X-Cache-Hits: 1[\r][\n]"
18:00:25.287 [TestNG-tests-2] DEBUG org.apache.hc.client5.http.wire - http-outgoing-1 << "X-Timer: S1730804425.322254,VS0,VE1[\r][\n]"
18:00:25.287 [TestNG-tests-2] DEBUG org.apache.hc.client5.http.wire - http-outgoing-1 << "Vary: Authorization,Accept-Encoding,Origin[\r][\n]"
18:00:25.287 [TestNG-tests-2] DEBUG org.apache.hc.client5.http.wire - http-outgoing-1 << "Access-Control-Allow-Origin: *[\r][\n]"
18:00:25.287 [TestNG-tests-2] DEBUG org.apache.hc.client5.http.wire - http-outgoing-1 << "Cross-Origin-Resource-Policy: cross-origin[\r][\n]"
18:00:25.287 [TestNG-tests-2] DEBUG org.apache.hc.client5.http.wire - http-outgoing-1 << "X-Fastly-Request-ID: 7cd207244a29e69d4a61854964f9f08fb3ca14f0[\r][\n]"
18:00:25.287 [TestNG-tests-2] DEBUG org.apache.hc.client5.http.wire - http-outgoing-1 << "Expires: Tue, 05 Nov 2024 11:05:25 GMT[\r][\n]"
18:00:25.287 [TestNG-tests-2] DEBUG org.apache.hc.client5.http.wire - http-outgoing-1 << "Source-Age: 125[\r][\n]"
18:00:25.287 [TestNG-tests-2] DEBUG org.apache.hc.client5.http.wire - http-outgoing-1 << "[\r][\n]"
18:00:25.287 [TestNG-tests-2] DEBUG org.apache.hc.client5.http.headers - http-outgoing-1 << HTTP/1.1 200 OK
18:00:25.287 [TestNG-tests-2] DEBUG org.apache.hc.client5.http.headers - http-outgoing-1 << Connection: keep-alive
18:00:25.287 [TestNG-tests-2] DEBUG org.apache.hc.client5.http.headers - http-outgoing-1 << Content-Length: 745
18:00:25.287 [TestNG-tests-2] DEBUG org.apache.hc.client5.http.headers - http-outgoing-1 << Cache-Control: max-age=300
18:00:25.287 [TestNG-tests-2] DEBUG org.apache.hc.client5.http.headers - http-outgoing-1 << Content-Security-Policy: default-src 'none'; style-src 'unsafe-inline'; sandbox
18:00:25.287 [TestNG-tests-2] DEBUG org.apache.hc.client5.http.headers - http-outgoing-1 << Content-Type: text/plain; charset=utf-8
18:00:25.287 [TestNG-tests-2] DEBUG org.apache.hc.client5.http.headers - http-outgoing-1 << ETag: W/"dd41edff335272162022217759820159dac501cff56850e2510f504462cd9b5f"
18:00:25.287 [TestNG-tests-2] DEBUG org.apache.hc.client5.http.headers - http-outgoing-1 << Strict-Transport-Security: max-age=31536000
18:00:25.287 [TestNG-tests-2] DEBUG org.apache.hc.client5.http.headers - http-outgoing-1 << X-Content-Type-Options: nosniff
18:00:25.288 [TestNG-tests-2] DEBUG org.apache.hc.client5.http.headers - http-outgoing-1 << X-Frame-Options: deny
18:00:25.288 [TestNG-tests-2] DEBUG org.apache.hc.client5.http.headers - http-outgoing-1 << X-XSS-Protection: 1; mode=block
18:00:25.288 [TestNG-tests-2] DEBUG org.apache.hc.client5.http.headers - http-outgoing-1 << X-GitHub-Request-Id: 4453:2D58F0:32503F:3A6C08:67180F89
18:00:25.288 [TestNG-tests-2] DEBUG org.apache.hc.client5.http.headers - http-outgoing-1 << Content-Encoding: gzip
18:00:25.288 [TestNG-tests-2] DEBUG org.apache.hc.client5.http.headers - http-outgoing-1 << Accept-Ranges: bytes
18:00:25.288 [TestNG-tests-2] DEBUG org.apache.hc.client5.http.headers - http-outgoing-1 << Date: Tue, 05 Nov 2024 11:00:25 GMT
18:00:25.288 [TestNG-tests-2] DEBUG org.apache.hc.client5.http.headers - http-outgoing-1 << Via: 1.1 varnish
18:00:25.288 [TestNG-tests-2] DEBUG org.apache.hc.client5.http.headers - http-outgoing-1 << X-Served-By: cache-qpg1281-QPG
18:00:25.288 [TestNG-tests-2] DEBUG org.apache.hc.client5.http.headers - http-outgoing-1 << X-Cache: HIT
18:00:25.288 [TestNG-tests-2] DEBUG org.apache.hc.client5.http.headers - http-outgoing-1 << X-Cache-Hits: 1
18:00:25.288 [TestNG-tests-2] DEBUG org.apache.hc.client5.http.headers - http-outgoing-1 << X-Timer: S1730804425.322254,VS0,VE1
18:00:25.288 [TestNG-tests-2] DEBUG org.apache.hc.client5.http.headers - http-outgoing-1 << Vary: Authorization,Accept-Encoding,Origin
18:00:25.288 [TestNG-tests-2] DEBUG org.apache.hc.client5.http.headers - http-outgoing-1 << Access-Control-Allow-Origin: *
18:00:25.288 [TestNG-tests-2] DEBUG org.apache.hc.client5.http.headers - http-outgoing-1 << Cross-Origin-Resource-Policy: cross-origin
18:00:25.288 [TestNG-tests-2] DEBUG org.apache.hc.client5.http.headers - http-outgoing-1 << X-Fastly-Request-ID: 7cd207244a29e69d4a61854964f9f08fb3ca14f0
18:00:25.288 [TestNG-tests-2] DEBUG org.apache.hc.client5.http.headers - http-outgoing-1 << Expires: Tue, 05 Nov 2024 11:05:25 GMT
18:00:25.288 [TestNG-tests-2] DEBUG org.apache.hc.client5.http.headers - http-outgoing-1 << Source-Age: 125
18:00:25.288 [TestNG-tests-2] DEBUG org.apache.hc.client5.http.impl.classic.MainClientExec - ex-0000000001 connection can be kept alive for 3 MINUTES
18:00:25.288 [TestNG-tests-2] DEBUG org.apache.hc.client5.http.wire - http-outgoing-1 << "[0x1f][0xffffff8b][0x8][0x0][0x0][0x0][0x0][0x0][0x0][0x3][0xffffffb5]W]o[0xffffffda]0[0x14]}[0xffffffe7]W\QUj% [0x1b][0xffffffad][0xffffffa6]i[0x12][0xf]4c[0xffffffdd]4*[0x18][0xffffffb4][0xffffffdd]&[0xfffffff9][0xffffffc5]$N[0xffffffb0][0xffffff94][0xffffffd8][0xffffffc8]NJ[0xffffffb7]_?[0xffffffdb][0xfffffff9]X[0xffffff92]:[0xffffffa3]k[0xffffffe8][0x1b][0xffffffb6][0xffffffef]=[0xffffffe7][0xffffffd8][0xfffffff7][0xffffffe4][0xffffffda][0xffffff9c][0xffffff80][0xffffffcb][0xffffffe3][0x18]3_[0xffffff82][0xffffff8f][0x13][0xffffffbc][0xffffffc1][0xffffff92][0xfffffff4]N[0xffffffe0]vK%[0x4]4"[0xffffffe0]q[0xffffff96]`[0xffffffca]$$[=[0xffffffc8]C[0x13][0xe][0x1b][0x2][0xffffffe4][0xffffff91]xiB|[0xffffffa0][0xffffffcc],[0xffffffcb]-[0xffffff89]"=[0xffffffe0][0xffffffc2]'B[0x7][0xfffffff9]$!^b[0x16][0x1f][0xffffff88][0xffffff90][0xffffff94][0xffffffab][0xffffffb5][0x0][0xffffff88][0xfffffffa][0x1d][\n]"
18:00:25.288 [TestNG-tests-2] DEBUG org.apache.hc.client5.http.wire - http-outgoing-1 << "B[0x18]l[0x4][0xffffffdf]K[0xffffffb5][0xffffffa0]([0xffffffcf][0xffffffdc][0xffffffad][0xffffffe0]1[0x19][0xffffffc0]'*H[0xffffffc0][0x1f][0x7][0xffffffb0][0xffffffd8][0x11][0xffffff81][0x7]0[0xfffffff3]C5kVi[0x1a][0xffffff9f]k|[0xffffff9f][0x6][0x1][0x11][0xffffff84]%[0xffffffc0]uLBY[0x8][0xfffffff2][0xffffff97]LH,[0xffffffe1][0xffffffec];e[0xffffffbe]B[0x1d][0xffffffc0][0xffffff9c][0xffffffb2]T[0xffffffc1][0xffffffdc]`[0xf][0x16][0xffffffeb][0xfffffff3][0xffffff9e][0xffffffe2][0xffffffc8](z[0xfffffff9]6F[0xffffff9e][0x19][0xffffff8e][0xfffffff6]Y[0xffffffc2][0xffffffe8][0xffffffcd][0xffffffdb][0xffffff89][0x17][0xfffffffb]#[0xffffffb5]+p\[0xffffffd8][0xffffffc7][0xffffffd4]3Gb[0xffffff8e]a[0xffffffbf]U|[0xffffffc0]pL&[0xfffffffd][0xffffffd3][0xffffffe5]jq[0xffffffbd][0xffffff9a][0xffffffde]|[0xfffffffa]2[0xffffff9f][0xffffffad]?[0xffffffa0][0x9]B[0xffffffa7][0x8]]s[0x1e]F[0x4][0xffffffa1][0xffffff8c][0x2][0xffffffa1][0xffffffe9]n[0x17]QOI[0xffffffe3][0xc][0xffffffa1][0xffffff9c]H![0xfffffff7]!$[0x9][0xffffffdc][0xffffffe7]g[0xffffffe1]<[0xffffffe0](m[0xffffffd7]3~[0xffffff81][0xffffff9e][0xffffffb3][0x1f][0xffffffef][0xffffffdf][0xffffff9d][0xffffffbf][0xffffffa6][0xffffffa8][0xffffff8b]g[0xffffff8a][0xffffff9a]/[0xffffffdc][0xffffffe9]|[0xffffffba]\~[0xffffff9c][0xffffffde]N_S[0xffffffcf][0xffffffe5]d5[0xffffffbb][0xffffff86]ow[0xffffffb3][0xffffffd5]O[0xfffffff8][0xfffffffc][0xffffffd5][0xffffffbd]Ck[0x1e]${,H[0xffffffc1][0xffffff96][0xffffff93]][0xffffffcd][0xffffffaf][0x8][0xfffffff6][0xc]^[0xffffffe1][0xffffffc5]^[0x13]4[0xffffffd2][0xffffff8e][0xffffffd1]>pR)[0xffffff9c][\r]eNh0[0xffffff86][0xffffffd9]:[0xc][0xffffff87]E[0xffffffa6]=q<i[0xffffff8b]o&[0xffffffc4][0xffffffd8]3<[0xffffff95][0x13][0xffffff90]N&8w[0xffffffe9][0x8][0xffffffef]v[0xffffff8e][0xffffffab][0xffffffbe]>es[0xffffffe9]([0x13]/[0xffffffd6][0xfffffff5][0xffffff80]*[0xffffffba][0xfffffff2]v[0xfffffffe][0xffffffd9][0xffffff94]DA6>[0xffffff8e][0xffffffbb]o[0xfffffff8]o[0x1a]E[0xffffffb8] A[0xffffffa8]@?T[0xffffffad]'*:{[0xfffffffa]xR.*[0xffffffce][0xffffffe9][0xffffffd7][0xffffffad][0xffffff93][0xffffff93]4[0xffffffc9][0xfffffffa][0xffffffda]<n*t[0xffffffeb][0xffffffb9]oV[0xffffffb6][0xffffffc0]/M[0xffffff94]O[0xffffffc0][0xfffffff0][0xffffffe1]i[0xffffff90][0xffffffb5][0xfffffffe]9[0xffffff8b][0xffffffad][0xfffffff2]U,Ul[0xffffffdd][0x13]KL[0xffffffa2][0x6][0xffffffdd][0xffffffca]\?`[0xffffffea][0x9].[0xffffffd5]I [0xffffffa4]i[0x1a]_i,[\r][0xffffffdd][0xffffffa1][0xffffffc3][0xffffffae]kzI[0xffffffd1]_Q[0xffffffce]Ek[0xffffffcb][0xfffffff8]Kf[0xffffffb8][0xfffffffe][0xffffffd9]3[0xc][0xffffffe6][0xffffffd3][0xffffff8e][0x11][0x17][0x10]C[0x1d]`i[0x19][0xffffffd5][0xffffffbc][0xfffffff1][0xffffffa4]5[0xffffffbc][0x1e]o[0xfffffff5]K[0xffffffa9][0xffffffd6][0xfffffff8][0xffffffc1]f[0xffffff9b]z[0x4][0xffffffd4][0x1a][0xffffff86][0xffffffb9]^K[0x16]s[0xffffff91][0xfffffffe][0xffffffbf][0xffffff8b]l]~)x(p,[0x11]2[0x14][0x8]E8e[0xffffff9e][0xffffffca]:X[0xffffffa6][0xffffff86][0xffffff88].[0xffffffb6]9[0xffffff9a][0xffffff88].[0xfffffff7]]G[0xffffffea][0xffffffcb][0xe][0xfffffffb][0x7f].u[0xffffff83][0xffffffbb][0xfffffff4][0xffffffb3][0x19][0xffffffda][0xffffffec][0xffffff98][0xffffffc5]Y[0xfffffffd]h8m6\4[0xffffffc1][0xffffff8a][0xffffffb7][0xffffff98]z[0xffffffd0][0xffffffd5]oF5q[0x1c][0x13][0x16][0xfffffff0][0x1d][0x1e][0x19]5-[0xffffff9d][0xffffffef][0xffffffad]c[0xb]z[0xffffffae]/m[0xffffffe6]8[0xffffffb6][0xffffff96][0xfffffff6]7X[0xffffffc9]t[0xfffffff8][0xfffffff9][0xffffffa5][0x11]K[0xfffffffb][0x15]3[0xffffffc3][0xfffffffc][0x1f]B[0xffffffdb][0xffffffd3][0xffffffab][0xffffff92]4.[0xffffff93]Z[0xffffffdf]]:[0xffffffda][0xffffffea][0xffffffdc]B[0xffffffa6][0xffffffcd][0xffffffbc][0xffffffae][0x5][0xfffffff5][0x4][0xffffffd6]8[0xffffffc0][0xffffff82][0xffffff96][0xfffffff0][0xffffffd2][0xc][0xffffffed][0xffffffe0]Y[0xffffffa8][\r]:[[0xffffffa9][0x0][0xffffffff][0x1][0xfffffff8][0x15][0xffffffb4][0xffffffee][0xffffff8e][\r][0x0][0x0]"
18:00:25.289 [TestNG-tests-2] DEBUG org.apache.hc.client5.http.impl.classic.InternalHttpClient - ep-0000000002 releasing valid endpoint
18:00:25.289 [TestNG-tests-2] DEBUG org.apache.hc.client5.http.impl.io.PoolingHttpClientConnectionManager - ep-0000000002 releasing endpoint
18:00:25.289 [TestNG-tests-2] DEBUG org.apache.hc.client5.http.impl.io.PoolingHttpClientConnectionManager - ep-0000000002 connection http-outgoing-1 can be kept alive for 3 MINUTES
18:00:25.289 [TestNG-tests-2] DEBUG org.apache.hc.client5.http.impl.io.PoolingHttpClientConnectionManager - ep-0000000002 connection released [route: {s}->https://raw.githubusercontent.com:443][total available: 1; route allocated: 1 of 5; total allocated: 1 of 25]
18:00:25.289 [TestNG-tests-2] DEBUG io.github.bonigarcia.wdm.versions.VersionDetector - Detecting chrome version using online commands.properties
18:00:25.289 [TestNG-tests-2] DEBUG io.github.bonigarcia.wdm.versions.Shell - Running command on the shell: [/Applications/Google Chrome.app/Contents/MacOS/Google Chrome, --version]
18:00:25.438 [TestNG-tests-2] DEBUG io.github.bonigarcia.wdm.versions.Shell - Result: Google Chrome 130.0.6723.92
18:00:25.438 [TestNG-tests-1] DEBUG io.github.bonigarcia.wdm.versions.Shell - Result: Google Chrome 130.0.6723.92
18:00:25.439 [TestNG-tests-2] DEBUG io.github.bonigarcia.wdm.cache.ResolutionCache - Removing resolution chrome130=130.0.6723.91 from cache (expired on Tue Nov 05 17:16:23 ICT 2024)
18:00:25.439 [TestNG-tests-1] DEBUG io.github.bonigarcia.wdm.cache.ResolutionCache - Removing resolution chrome130=130.0.6723.91 from cache (expired on Tue Nov 05 17:16:23 ICT 2024)
18:00:25.440 [TestNG-tests-2] DEBUG org.apache.hc.client5.http.impl.classic.InternalHttpClient - ex-0000000003 preparing request execution
18:00:25.440 [TestNG-tests-2] DEBUG org.apache.hc.client5.http.impl.classic.ProtocolExec - ex-0000000003 target auth state: UNCHALLENGED
18:00:25.440 [TestNG-tests-2] DEBUG org.apache.hc.client5.http.impl.classic.ProtocolExec - ex-0000000003 proxy auth state: UNCHALLENGED
18:00:25.440 [TestNG-tests-2] DEBUG org.apache.hc.client5.http.impl.classic.ConnectExec - ex-0000000003 acquiring connection with route {s}->https://googlechromelabs.github.io:443
18:00:25.440 [TestNG-tests-2] DEBUG org.apache.hc.client5.http.impl.classic.InternalHttpClient - ex-0000000003 acquiring endpoint (3 MINUTES)
18:00:25.440 [TestNG-tests-2] DEBUG org.apache.hc.client5.http.impl.io.PoolingHttpClientConnectionManager - ex-0000000003 endpoint lease request (3 MINUTES) [route: {s}->https://googlechromelabs.github.io:443][total available: 1; route allocated: 0 of 5; total allocated: 1 of 25]
18:00:25.440 [TestNG-tests-2] DEBUG org.apache.hc.client5.http.impl.io.PoolingHttpClientConnectionManager - ex-0000000003 endpoint leased [route: {s}->https://googlechromelabs.github.io:443][total available: 1; route allocated: 1 of 5; total allocated: 2 of 25]
18:00:25.440 [TestNG-tests-2] DEBUG org.apache.hc.client5.http.impl.io.PoolingHttpClientConnectionManager - ex-0000000003 acquired ep-0000000003
18:00:25.440 [TestNG-tests-2] DEBUG org.apache.hc.client5.http.impl.classic.InternalHttpClient - ex-0000000003 acquired endpoint ep-0000000003
18:00:25.440 [TestNG-tests-2] DEBUG org.apache.hc.client5.http.impl.classic.ConnectExec - ex-0000000003 opening connection {s}->https://googlechromelabs.github.io:443
18:00:25.440 [TestNG-tests-2] DEBUG org.apache.hc.client5.http.impl.classic.InternalHttpClient - ep-0000000003 connecting endpoint (null)
18:00:25.440 [TestNG-tests-2] DEBUG org.apache.hc.client5.http.impl.io.PoolingHttpClientConnectionManager - ep-0000000003 connecting endpoint to https://googlechromelabs.github.io:443 (30 SECONDS)
18:00:25.440 [TestNG-tests-2] DEBUG org.apache.hc.client5.http.impl.io.DefaultHttpClientConnectionOperator - googlechromelabs.github.io resolving remote address
18:00:25.440 [TestNG-tests-1] DEBUG org.apache.hc.client5.http.impl.classic.InternalHttpClient - ex-0000000004 preparing request execution
18:00:25.441 [TestNG-tests-1] DEBUG org.apache.hc.client5.http.impl.classic.ProtocolExec - ex-0000000004 target auth state: UNCHALLENGED
18:00:25.441 [TestNG-tests-1] DEBUG org.apache.hc.client5.http.impl.classic.ProtocolExec - ex-0000000004 proxy auth state: UNCHALLENGED
18:00:25.441 [TestNG-tests-1] DEBUG org.apache.hc.client5.http.impl.classic.ConnectExec - ex-0000000004 acquiring connection with route {s}->https://googlechromelabs.github.io:443
18:00:25.441 [TestNG-tests-1] DEBUG org.apache.hc.client5.http.impl.classic.InternalHttpClient - ex-0000000004 acquiring endpoint (3 MINUTES)
18:00:25.441 [TestNG-tests-1] DEBUG org.apache.hc.client5.http.impl.io.PoolingHttpClientConnectionManager - ex-0000000004 endpoint lease request (3 MINUTES) [route: {s}->https://googlechromelabs.github.io:443][total available: 1; route allocated: 0 of 5; total allocated: 1 of 25]
18:00:25.441 [TestNG-tests-1] DEBUG org.apache.hc.client5.http.impl.io.PoolingHttpClientConnectionManager - ex-0000000004 endpoint leased [route: {s}->https://googlechromelabs.github.io:443][total available: 1; route allocated: 1 of 5; total allocated: 2 of 25]
18:00:25.441 [TestNG-tests-1] DEBUG org.apache.hc.client5.http.impl.io.PoolingHttpClientConnectionManager - ex-0000000004 acquired ep-0000000004
18:00:25.441 [TestNG-tests-1] DEBUG org.apache.hc.client5.http.impl.classic.InternalHttpClient - ex-0000000004 acquired endpoint ep-0000000004
18:00:25.441 [TestNG-tests-1] DEBUG org.apache.hc.client5.http.impl.classic.ConnectExec - ex-0000000004 opening connection {s}->https://googlechromelabs.github.io:443
18:00:25.441 [TestNG-tests-1] DEBUG org.apache.hc.client5.http.impl.classic.InternalHttpClient - ep-0000000004 connecting endpoint (null)
18:00:25.441 [TestNG-tests-1] DEBUG org.apache.hc.client5.http.impl.io.PoolingHttpClientConnectionManager - ep-0000000004 connecting endpoint to https://googlechromelabs.github.io:443 (30 SECONDS)
18:00:25.441 [TestNG-tests-1] DEBUG org.apache.hc.client5.http.impl.io.DefaultHttpClientConnectionOperator - googlechromelabs.github.io resolving remote address
18:17:44.364 [TestNG-tests-2] DEBUG org.apache.hc.client5.http.impl.io.DefaultHttpClientConnectionOperator - googlechromelabs.github.io resolved to [googlechromelabs.github.io/185.199.109.153, googlechromelabs.github.io/185.199.108.153, googlechromelabs.github.io/185.199.111.153, googlechromelabs.github.io/185.199.110.153]
18:17:44.364 [TestNG-tests-1] DEBUG org.apache.hc.client5.http.impl.io.DefaultHttpClientConnectionOperator - googlechromelabs.github.io resolved to [googlechromelabs.github.io/185.199.109.153, googlechromelabs.github.io/185.199.108.153, googlechromelabs.github.io/185.199.111.153, googlechromelabs.github.io/185.199.110.153]
18:17:44.365 [TestNG-tests-1] DEBUG org.apache.hc.client5.http.impl.io.DefaultHttpClientConnectionOperator - googlechromelabs.github.io:443 connecting null->googlechromelabs.github.io/185.199.109.153:443 (30 SECONDS)
18:17:44.365 [TestNG-tests-1] DEBUG org.apache.hc.client5.http.ssl.SSLConnectionSocketFactory - Connecting socket to googlechromelabs.github.io/185.199.109.153:443 with timeout 30 SECONDS
18:17:44.365 [TestNG-tests-2] DEBUG org.apache.hc.client5.http.impl.io.DefaultHttpClientConnectionOperator - googlechromelabs.github.io:443 connecting null->googlechromelabs.github.io/185.199.109.153:443 (30 SECONDS)
18:17:44.365 [TestNG-tests-2] DEBUG org.apache.hc.client5.http.ssl.SSLConnectionSocketFactory - Connecting socket to googlechromelabs.github.io/185.199.109.153:443 with timeout 30 SECONDS
18:17:44.413 [TestNG-tests-1] DEBUG org.apache.hc.client5.http.ssl.SSLConnectionSocketFactory - Enabled protocols: [TLSv1.3, TLSv1.2]
18:17:44.414 [TestNG-tests-1] DEBUG org.apache.hc.client5.http.ssl.SSLConnectionSocketFactory - Enabled cipher suites: [TLS_AES_256_GCM_SHA384, TLS_AES_128_GCM_SHA256, TLS_CHACHA20_POLY1305_SHA256, TLS_ECDHE_ECDSA_WITH_AES_256_GCM_SHA384, TLS_ECDHE_ECDSA_WITH_AES_128_GCM_SHA256, TLS_ECDHE_ECDSA_WITH_CHACHA20_POLY1305_SHA256, TLS_ECDHE_RSA_WITH_AES_256_GCM_SHA384, TLS_ECDHE_RSA_WITH_CHACHA20_POLY1305_SHA256, TLS_ECDHE_RSA_WITH_AES_128_GCM_SHA256, TLS_DHE_RSA_WITH_AES_256_GCM_SHA384, TLS_DHE_RSA_WITH_CHACHA20_POLY1305_SHA256, TLS_DHE_DSS_WITH_AES_256_GCM_SHA384, TLS_DHE_RSA_WITH_AES_128_GCM_SHA256, TLS_DHE_DSS_WITH_AES_128_GCM_SHA256, TLS_ECDHE_ECDSA_WITH_AES_256_CBC_SHA384, TLS_ECDHE_RSA_WITH_AES_256_CBC_SHA384, TLS_ECDHE_ECDSA_WITH_AES_128_CBC_SHA256, TLS_ECDHE_RSA_WITH_AES_128_CBC_SHA256, TLS_DHE_RSA_WITH_AES_256_CBC_SHA256, TLS_DHE_DSS_WITH_AES_256_CBC_SHA256, TLS_DHE_RSA_WITH_AES_128_CBC_SHA256, TLS_DHE_DSS_WITH_AES_128_CBC_SHA256, TLS_ECDHE_ECDSA_WITH_AES_256_CBC_SHA, TLS_ECDHE_RSA_WITH_AES_256_CBC_SHA, TLS_ECDHE_ECDSA_WITH_AES_128_CBC_SHA, TLS_ECDHE_RSA_WITH_AES_128_CBC_SHA, TLS_DHE_RSA_WITH_AES_256_CBC_SHA, TLS_DHE_DSS_WITH_AES_256_CBC_SHA, TLS_DHE_RSA_WITH_AES_128_CBC_SHA, TLS_DHE_DSS_WITH_AES_128_CBC_SHA, TLS_RSA_WITH_AES_256_GCM_SHA384, TLS_RSA_WITH_AES_128_GCM_SHA256, TLS_RSA_WITH_AES_256_CBC_SHA256, TLS_RSA_WITH_AES_128_CBC_SHA256, TLS_RSA_WITH_AES_256_CBC_SHA, TLS_RSA_WITH_AES_128_CBC_SHA, TLS_EMPTY_RENEGOTIATION_INFO_SCSV]
18:17:44.414 [TestNG-tests-1] DEBUG org.apache.hc.client5.http.ssl.SSLConnectionSocketFactory - Starting handshake (null)
18:17:44.447 [TestNG-tests-2] DEBUG org.apache.hc.client5.http.ssl.SSLConnectionSocketFactory - Enabled protocols: [TLSv1.3, TLSv1.2]
18:17:44.448 [TestNG-tests-2] DEBUG org.apache.hc.client5.http.ssl.SSLConnectionSocketFactory - Enabled cipher suites: [TLS_AES_256_GCM_SHA384, TLS_AES_128_GCM_SHA256, TLS_CHACHA20_POLY1305_SHA256, TLS_ECDHE_ECDSA_WITH_AES_256_GCM_SHA384, TLS_ECDHE_ECDSA_WITH_AES_128_GCM_SHA256, TLS_ECDHE_ECDSA_WITH_CHACHA20_POLY1305_SHA256, TLS_ECDHE_RSA_WITH_AES_256_GCM_SHA384, TLS_ECDHE_RSA_WITH_CHACHA20_POLY1305_SHA256, TLS_ECDHE_RSA_WITH_AES_128_GCM_SHA256, TLS_DHE_RSA_WITH_AES_256_GCM_SHA384, TLS_DHE_RSA_WITH_CHACHA20_POLY1305_SHA256, TLS_DHE_DSS_WITH_AES_256_GCM_SHA384, TLS_DHE_RSA_WITH_AES_128_GCM_SHA256, TLS_DHE_DSS_WITH_AES_128_GCM_SHA256, TLS_ECDHE_ECDSA_WITH_AES_256_CBC_SHA384, TLS_ECDHE_RSA_WITH_AES_256_CBC_SHA384, TLS_ECDHE_ECDSA_WITH_AES_128_CBC_SHA256, TLS_ECDHE_RSA_WITH_AES_128_CBC_SHA256, TLS_DHE_RSA_WITH_AES_256_CBC_SHA256, TLS_DHE_DSS_WITH_AES_256_CBC_SHA256, TLS_DHE_RSA_WITH_AES_128_CBC_SHA256, TLS_DHE_DSS_WITH_AES_128_CBC_SHA256, TLS_ECDHE_ECDSA_WITH_AES_256_CBC_SHA, TLS_ECDHE_RSA_WITH_AES_256_CBC_SHA, TLS_ECDHE_ECDSA_WITH_AES_128_CBC_SHA, TLS_ECDHE_RSA_WITH_AES_128_CBC_SHA, TLS_DHE_RSA_WITH_AES_256_CBC_SHA, TLS_DHE_DSS_WITH_AES_256_CBC_SHA, TLS_DHE_RSA_WITH_AES_128_CBC_SHA, TLS_DHE_DSS_WITH_AES_128_CBC_SHA, TLS_RSA_WITH_AES_256_GCM_SHA384, TLS_RSA_WITH_AES_128_GCM_SHA256, TLS_RSA_WITH_AES_256_CBC_SHA256, TLS_RSA_WITH_AES_128_CBC_SHA256, TLS_RSA_WITH_AES_256_CBC_SHA, TLS_RSA_WITH_AES_128_CBC_SHA, TLS_EMPTY_RENEGOTIATION_INFO_SCSV]
18:17:44.448 [TestNG-tests-2] DEBUG org.apache.hc.client5.http.ssl.SSLConnectionSocketFactory - Starting handshake (null)
18:17:44.488 [TestNG-tests-1] DEBUG org.apache.hc.client5.http.ssl.SSLConnectionSocketFactory - Secure session established
18:17:44.488 [TestNG-tests-1] DEBUG org.apache.hc.client5.http.ssl.SSLConnectionSocketFactory -  negotiated protocol: TLSv1.3
18:17:44.488 [TestNG-tests-1] DEBUG org.apache.hc.client5.http.ssl.SSLConnectionSocketFactory -  negotiated cipher suite: TLS_AES_128_GCM_SHA256
18:17:44.488 [TestNG-tests-1] DEBUG org.apache.hc.client5.http.ssl.SSLConnectionSocketFactory -  peer principal: CN=*.github.io, O="GitHub, Inc.", L=San Francisco, ST=California, C=US
18:17:44.489 [TestNG-tests-1] DEBUG org.apache.hc.client5.http.ssl.SSLConnectionSocketFactory -  peer alternative names: [*.github.io, github.io, githubusercontent.com, www.github.com, *.github.com, *.githubusercontent.com, github.com]
18:17:44.489 [TestNG-tests-1] DEBUG org.apache.hc.client5.http.ssl.SSLConnectionSocketFactory -  issuer principal: CN=DigiCert Global G2 TLS RSA SHA256 2020 CA1, O=DigiCert Inc, C=US
18:17:44.489 [TestNG-tests-1] DEBUG org.apache.hc.client5.http.impl.io.DefaultManagedHttpClientConnection - http-outgoing-3 set socket timeout to 3 MINUTES
18:17:44.489 [TestNG-tests-1] DEBUG org.apache.hc.client5.http.impl.io.DefaultHttpClientConnectionOperator - googlechromelabs.github.io:443 connected null->googlechromelabs.github.io/185.199.109.153:443 as http-outgoing-3
18:17:44.489 [TestNG-tests-1] DEBUG org.apache.hc.client5.http.impl.io.PoolingHttpClientConnectionManager - ep-0000000004 connected http-outgoing-3
18:17:44.489 [TestNG-tests-1] DEBUG org.apache.hc.client5.http.impl.classic.InternalHttpClient - ep-0000000004 endpoint connected
18:17:44.489 [TestNG-tests-1] DEBUG org.apache.hc.client5.http.impl.classic.MainClientExec - ex-0000000004 executing GET /chrome-for-testing/known-good-versions-with-downloads.json HTTP/1.1
18:17:44.489 [TestNG-tests-1] DEBUG org.apache.hc.client5.http.protocol.RequestAddCookies - ex-0000000004 Cookie spec selected: strict
18:17:44.489 [TestNG-tests-1] DEBUG org.apache.hc.client5.http.impl.classic.InternalHttpClient - ep-0000000004 start execution ex-0000000004
18:17:44.489 [TestNG-tests-1] DEBUG org.apache.hc.client5.http.impl.io.PoolingHttpClientConnectionManager - ep-0000000004 executing exchange ex-0000000004 over http-outgoing-3
18:17:44.489 [TestNG-tests-1] DEBUG org.apache.hc.client5.http.headers - http-outgoing-3 >> GET /chrome-for-testing/known-good-versions-with-downloads.json HTTP/1.1
18:17:44.489 [TestNG-tests-1] DEBUG org.apache.hc.client5.http.headers - http-outgoing-3 >> user-agent: Apache-HttpClient/5.0
18:17:44.489 [TestNG-tests-1] DEBUG org.apache.hc.client5.http.headers - http-outgoing-3 >> accept-encoding: gzip, deflate, br
18:17:44.489 [TestNG-tests-1] DEBUG org.apache.hc.client5.http.headers - http-outgoing-3 >> cache-control: max-age=0
18:17:44.489 [TestNG-tests-1] DEBUG org.apache.hc.client5.http.headers - http-outgoing-3 >> connection: keep-alive
18:17:44.489 [TestNG-tests-1] DEBUG org.apache.hc.client5.http.headers - http-outgoing-3 >> Host: googlechromelabs.github.io
18:17:44.489 [TestNG-tests-1] DEBUG org.apache.hc.client5.http.wire - http-outgoing-3 >> "GET /chrome-for-testing/known-good-versions-with-downloads.json HTTP/1.1[\r][\n]"
18:17:44.489 [TestNG-tests-1] DEBUG org.apache.hc.client5.http.wire - http-outgoing-3 >> "user-agent: Apache-HttpClient/5.0[\r][\n]"
18:17:44.489 [TestNG-tests-1] DEBUG org.apache.hc.client5.http.wire - http-outgoing-3 >> "accept-encoding: gzip, deflate, br[\r][\n]"
18:17:44.489 [TestNG-tests-1] DEBUG org.apache.hc.client5.http.wire - http-outgoing-3 >> "cache-control: max-age=0[\r][\n]"
18:17:44.490 [TestNG-tests-1] DEBUG org.apache.hc.client5.http.wire - http-outgoing-3 >> "connection: keep-alive[\r][\n]"
18:17:44.490 [TestNG-tests-1] DEBUG org.apache.hc.client5.http.wire - http-outgoing-3 >> "Host: googlechromelabs.github.io[\r][\n]"
18:17:44.490 [TestNG-tests-1] DEBUG org.apache.hc.client5.http.wire - http-outgoing-3 >> "[\r][\n]"
18:17:44.541 [TestNG-tests-1] DEBUG org.apache.hc.client5.http.wire - http-outgoing-3 << "HTTP/1.1 200 OK[\r][\n]"
18:17:44.541 [TestNG-tests-1] DEBUG org.apache.hc.client5.http.wire - http-outgoing-3 << "Connection: keep-alive[\r][\n]"
18:17:44.541 [TestNG-tests-1] DEBUG org.apache.hc.client5.http.wire - http-outgoing-3 << "Content-Length: 64447[\r][\n]"
18:17:44.541 [TestNG-tests-1] DEBUG org.apache.hc.client5.http.wire - http-outgoing-3 << "Server: GitHub.com[\r][\n]"
18:17:44.541 [TestNG-tests-1] DEBUG org.apache.hc.client5.http.wire - http-outgoing-3 << "Content-Type: application/json; charset=utf-8[\r][\n]"
18:17:44.541 [TestNG-tests-1] DEBUG org.apache.hc.client5.http.wire - http-outgoing-3 << "permissions-policy: interest-cohort=()[\r][\n]"
18:17:44.541 [TestNG-tests-1] DEBUG org.apache.hc.client5.http.wire - http-outgoing-3 << "x-origin-cache: HIT[\r][\n]"
18:17:44.541 [TestNG-tests-1] DEBUG org.apache.hc.client5.http.wire - http-outgoing-3 << "Last-Modified: Tue, 05 Nov 2024 11:09:37 GMT[\r][\n]"
18:17:44.541 [TestNG-tests-1] DEBUG org.apache.hc.client5.http.wire - http-outgoing-3 << "Access-Control-Allow-Origin: *[\r][\n]"
18:17:44.542 [TestNG-tests-1] DEBUG org.apache.hc.client5.http.wire - http-outgoing-3 << "Strict-Transport-Security: max-age=31556952[\r][\n]"
18:17:44.542 [TestNG-tests-1] DEBUG org.apache.hc.client5.http.wire - http-outgoing-3 << "ETag: W/"6729fcf1-1ebdf3"[\r][\n]"
18:17:44.542 [TestNG-tests-1] DEBUG org.apache.hc.client5.http.wire - http-outgoing-3 << "expires: Tue, 05 Nov 2024 11:22:39 GMT[\r][\n]"
18:17:44.542 [TestNG-tests-1] DEBUG org.apache.hc.client5.http.wire - http-outgoing-3 << "Cache-Control: max-age=600[\r][\n]"
18:17:44.542 [TestNG-tests-1] DEBUG org.apache.hc.client5.http.wire - http-outgoing-3 << "Content-Encoding: gzip[\r][\n]"
18:17:44.542 [TestNG-tests-1] DEBUG org.apache.hc.client5.http.wire - http-outgoing-3 << "x-proxy-cache: HIT[\r][\n]"
18:17:44.542 [TestNG-tests-1] DEBUG org.apache.hc.client5.http.wire - http-outgoing-3 << "X-GitHub-Request-Id: C4F3:295092:2E3DD:30303:6729FDA7[\r][\n]"
18:17:44.542 [TestNG-tests-1] DEBUG org.apache.hc.client5.http.wire - http-outgoing-3 << "Accept-Ranges: bytes[\r][\n]"
18:17:44.542 [TestNG-tests-1] DEBUG org.apache.hc.client5.http.wire - http-outgoing-3 << "Date: Tue, 05 Nov 2024 11:17:44 GMT[\r][\n]"
18:17:44.542 [TestNG-tests-1] DEBUG org.apache.hc.client5.http.wire - http-outgoing-3 << "Via: 1.1 varnish[\r][\n]"
18:17:44.542 [TestNG-tests-1] DEBUG org.apache.hc.client5.http.wire - http-outgoing-3 << "Age: 274[\r][\n]"
18:17:44.542 [TestNG-tests-1] DEBUG org.apache.hc.client5.http.wire - http-outgoing-3 << "X-Served-By: cache-qpg1241-QPG[\r][\n]"
18:17:44.542 [TestNG-tests-1] DEBUG org.apache.hc.client5.http.wire - http-outgoing-3 << "X-Cache: HIT[\r][\n]"
18:17:44.542 [TestNG-tests-1] DEBUG org.apache.hc.client5.http.wire - http-outgoing-3 << "X-Cache-Hits: 16[\r][\n]"
18:17:44.542 [TestNG-tests-1] DEBUG org.apache.hc.client5.http.wire - http-outgoing-3 << "X-Timer: S1730805465.592202,VS0,VE0[\r][\n]"
18:17:44.542 [TestNG-tests-1] DEBUG org.apache.hc.client5.http.wire - http-outgoing-3 << "Vary: Accept-Encoding[\r][\n]"
18:17:44.542 [TestNG-tests-1] DEBUG org.apache.hc.client5.http.wire - http-outgoing-3 << "X-Fastly-Request-ID: 32b268a1036d2b5116fad89b504fd5fe9fad3990[\r][\n]"
18:17:44.542 [TestNG-tests-1] DEBUG org.apache.hc.client5.http.wire - http-outgoing-3 << "[\r][\n]"
18:17:44.542 [TestNG-tests-1] DEBUG org.apache.hc.client5.http.headers - http-outgoing-3 << HTTP/1.1 200 OK
18:17:44.543 [TestNG-tests-1] DEBUG org.apache.hc.client5.http.headers - http-outgoing-3 << Connection: keep-alive
18:17:44.543 [TestNG-tests-1] DEBUG org.apache.hc.client5.http.headers - http-outgoing-3 << Content-Length: 64447
18:17:44.543 [TestNG-tests-1] DEBUG org.apache.hc.client5.http.headers - http-outgoing-3 << Server: GitHub.com
18:17:44.543 [TestNG-tests-1] DEBUG org.apache.hc.client5.http.headers - http-outgoing-3 << Content-Type: application/json; charset=utf-8
18:17:44.543 [TestNG-tests-1] DEBUG org.apache.hc.client5.http.headers - http-outgoing-3 << permissions-policy: interest-cohort=()
18:17:44.543 [TestNG-tests-1] DEBUG org.apache.hc.client5.http.headers - http-outgoing-3 << x-origin-cache: HIT
18:17:44.543 [TestNG-tests-1] DEBUG org.apache.hc.client5.http.headers - http-outgoing-3 << Last-Modified: Tue, 05 Nov 2024 11:09:37 GMT
18:17:44.543 [TestNG-tests-1] DEBUG org.apache.hc.client5.http.headers - http-outgoing-3 << Access-Control-Allow-Origin: *
18:17:44.543 [TestNG-tests-1] DEBUG org.apache.hc.client5.http.headers - http-outgoing-3 << Strict-Transport-Security: max-age=31556952
18:17:44.543 [TestNG-tests-1] DEBUG org.apache.hc.client5.http.headers - http-outgoing-3 << ETag: W/"6729fcf1-1ebdf3"
18:17:44.543 [TestNG-tests-1] DEBUG org.apache.hc.client5.http.headers - http-outgoing-3 << expires: Tue, 05 Nov 2024 11:22:39 GMT
18:17:44.543 [TestNG-tests-1] DEBUG org.apache.hc.client5.http.headers - http-outgoing-3 << Cache-Control: max-age=600
18:17:44.543 [TestNG-tests-1] DEBUG org.apache.hc.client5.http.headers - http-outgoing-3 << Content-Encoding: gzip
18:17:44.543 [TestNG-tests-1] DEBUG org.apache.hc.client5.http.headers - http-outgoing-3 << x-proxy-cache: HIT
18:17:44.543 [TestNG-tests-1] DEBUG org.apache.hc.client5.http.headers - http-outgoing-3 << X-GitHub-Request-Id: C4F3:295092:2E3DD:30303:6729FDA7
18:17:44.543 [TestNG-tests-1] DEBUG org.apache.hc.client5.http.headers - http-outgoing-3 << Accept-Ranges: bytes
18:17:44.543 [TestNG-tests-1] DEBUG org.apache.hc.client5.http.headers - http-outgoing-3 << Date: Tue, 05 Nov 2024 11:17:44 GMT
18:17:44.543 [TestNG-tests-1] DEBUG org.apache.hc.client5.http.headers - http-outgoing-3 << Via: 1.1 varnish
18:17:44.543 [TestNG-tests-1] DEBUG org.apache.hc.client5.http.headers - http-outgoing-3 << Age: 274
18:17:44.543 [TestNG-tests-1] DEBUG org.apache.hc.client5.http.headers - http-outgoing-3 << X-Served-By: cache-qpg1241-QPG
18:17:44.543 [TestNG-tests-1] DEBUG org.apache.hc.client5.http.headers - http-outgoing-3 << X-Cache: HIT
18:17:44.543 [TestNG-tests-1] DEBUG org.apache.hc.client5.http.headers - http-outgoing-3 << X-Cache-Hits: 16
18:17:44.543 [TestNG-tests-1] DEBUG org.apache.hc.client5.http.headers - http-outgoing-3 << X-Timer: S1730805465.592202,VS0,VE0
18:17:44.543 [TestNG-tests-1] DEBUG org.apache.hc.client5.http.headers - http-outgoing-3 << Vary: Accept-Encoding
18:17:44.543 [TestNG-tests-1] DEBUG org.apache.hc.client5.http.headers - http-outgoing-3 << X-Fastly-Request-ID: 32b268a1036d2b5116fad89b504fd5fe9fad3990
18:17:44.544 [TestNG-tests-1] DEBUG org.apache.hc.client5.http.impl.classic.MainClientExec - ex-0000000004 connection can be kept alive for 3 MINUTES
18:17:44.546 [TestNG-tests-1] DEBUG org.apache.hc.client5.http.wire - http-outgoing-3 << "[0x1f][0xffffff8b][0x8][0x0][0x0][0x0][0x0][0x0][0x0][0x3][0xffffffcc][0xffffffbd][0xffffffdd][0xffffff8e],Iv^[0xfffffff9].}[0xffffffad].[0xffffff86][0xffffffdb][0xffffff9f][0xffffff9b][0xfffffff1]9t5[0xffffff83][0xffffffb9][0xffffffe8]!{[0xffffffc8][0x6][0xffffff9a]l[0xffffffa2][0xffffff9b][0xffffff92][0x6]#[0xffffffe8][0xffffffdd]'22[0xffffffcf][0xffffffc9],[0xffffffdb]_[0x1c]U[0xfffffff8]i[0xffffffec][0xfffffff5]A[0x10][0x4][0xffffff8a][0xffffff9d][0xffffffe5]Fbaa[0xffffff95][0xffffff87][0xffffffed][0xffffffed][0xffffffff][0xfffffff3]w[0xffffffff][0xfffffff9][0xffffffa7][0x7f][0xfffffffb][0xffffffe3][0xffffffdf][0xfffffffe][0xfffffff3][0xf][0xffffffff][0xfffffff6][0x1f][0xffffffbf][0xfffffffb][0xffffffc7][0xffffffdf][0xffffff95][i[0xffffffbf]?[0xffffff8e][0xffffffdf][0xffffffdf][0xfffffffa][0x7f]=n[0xffffffff]x[[0xffffffff][0xffffffd8][0xffffffca]/[0xffffffb3][0x1e][0xffffffff][0xffffffc7][0xffffffef][0xfffffffe][0xffffffcb][0xffffffef][0xfffffffe][0xfffffffb][0x1f][0xffffffff][0xfffffffa][0xffffffb7]?[0xfffffffd][0xffffffe5][0xffffffdf][0xffffffff][0xfffffff6][0xffffffbb][0x7f][0xfffffffc]?[0xffffffff][0xffffffe7][0xffffffb7][0xffffffff][0xffffffe2][0xfffffffe][0x17][0xffffffc7]Q[0x7f][0xffffffb9][0xfffffffd][0xffffffd2][0xffffffc7]Y~[0xffffffb9][0xffffffdd][0xffffffff]S[0x7f][0xfffffffd][0xffffffe3][0x7f][0xffffffff][0xffffffd3][0xfffffff7][0xffffffff]N9Z[0xffffffef][0xfffffff7][0xffffffff][0xffffffcf][0x7f][0xfffffffe][0xffffffcb][0xffffffff][0xfffffff8][0xfffffff7]?[0xffffffff][0xffffffe5][0xf][0xffffffff]|[0xffffffff][0xffffffdb][0xffffffff][0xfffffff9][0xffffffbb][0x7f][0xfffffffa][0xffffffd7][0xffffffbf][0xfffffffe][0xffffffe5][0xffffffdf][0xfffffffe][0xfffffff8][0xfffffff8][0xffffffa7][0xfffffffc][0xffffffc7][0xffffff9f][0xffffffff][0xfffffff0][0xffffff9f][0xffffffff][0xffffffcf]_[0xfffffffe][0xfffffffa]o[0xfffffff7][0xffffffff][0xfffffff0][0xffffff9f][0xffffffff][0xfffffff4][0xffffffef][0xffffffff][0xffffffed][0xffffffff][0x1d][0xffffffed][0xfffffffe][0x1f][0xfffffffe]o[0x7f][0xfffffffd][0xfffffff3][0xfffffffd][0xffffffbf][0xfffffffe][0xffffffd7][0xffffffff][0xfffffffc][0xffffffcf][0xffffffff][0xfffffff8][0xffffffdb]?[0xfffffffe][0xffffffc3]?[0xfffffffc][0xffffffed]?[0xffffffff][0xfffffff2][0xffffffd7]?[0xfffffffc][0xffffffcb][0x1f][0x7f][0xfffffff9][0xffffff97][0xffffffbf][0xfffffffc][0xffffffe5]_[0xfffffffe][0xfffffffc][0xffffffc7]?[0xfffffffc][0xffffffc7][0xffffff9f][0xfffffffe][0xfffffff6][0xffffffcb]?[0xfffffffd][0xffffffe5][0xffffffdf][0xfffffffe][0xffffffe1][0xfffffffd][0x1f][0xfffffff2][0xfffffffb][0xfffffffb][0x1f][0xffffffff][0xfffffffe]?[0xffffffef][0xffffff87][0xffffffff][0xffffffd3][0xffffffbf][0xffffffff][0xffffffcb][0xffffffef][0xffffffff][0xffffffe3][0xffffffbf][0xfffffffd][0xffffffdf][0x7f][0xfffffffe][0xffffffd3]?[0xfffffffd][0xffffffc3][0xffffffd7][0xfffffff3][0xfffffffc][0xffffffc3][0xffffffc7]?[0xfffffff5][0xffffffdb][0x7f][0xfffffffc][0xffffffe3][0xffffffbf][0xfffffffc][0xffffffe5][0xffffffff][0xfffffffb][0xffffffd3][0x7f][0xfffffffc][0xffffffee][0x7f][0xfffffffd][0xffffff97]_=[0xffffffff][0xffffffdf][0xfffffffe][0xfffffff0]O[0xffffffbf][0xffffffff][0xffffffc3]_[0xffffffff][0xffffffed][0xffffffef]~[0xffffff82][0xffffffef][0xffffffff][0xffffffdc]o[0x7f][0xfffffff0][0xfffffffd][0xffffffff][0xffffffe3][0xffffffd9])[0xfffffffe][0xfffffffe][0xffffffff][[0xfffffff8][0xfffffff8][0xffffffa7]~=[0xffffffc1][0xffffff93][0xffffffff]-[0xfffffffc][0xffffff8f]?[0xfffffffd]{-[0x7f][0xffffffe7][0xffffffa7]?[0xfffffffe][0xffffff99][0xffffffdf][0xfffffffe][0xffffffc3][0xffffff8f][0xffffffff][0xffffffe2][0xffffffc9][0xffffff93][0xffffffff][0xffffffee][0xffffffff]s?[0xfffffffe][0xffffff99]_[0xffffff9e][0xfffffffc][0xffffffed][0x7f][0xffffffe6][0xffffffff][0xffffffeb][0x7f][0xffffffbd]=\"\[0xffffffbb][0x19][0xffffffc3][0xffffffb5][0xffffffe3][0x10][0xffffffdf][0xffffff8f][0xffffffc0]S[0xfffffffc]q[0x8][\n]"
18:17:44.546 [TestNG-tests-1] DEBUG org.apache.hc.client5.http.wire - http-outgoing-3 << "[0xffffffe3][0xfffffffb][0xffffffe3])[0xffffff8e][0xffffffdf][0x1f][0xfffffffd]*[0xffffffc8][0xffffffa3][0xffffff9a][0xffffff81]<*[0xe][0xfffffff2][0xfffffffd][0x8]<[0xffffffc8][0x1f][0xffffff87][0xffffffa0]@[0xffffffbe]?[0xffffff9e][0x2][0xfffffff9][0xfffffffd][0xffffffd1][0xffffffbf][0x11][0xffffffe4][0xfffffff6][0xfffffff8][0xffffffab]5DT[0xffffff8c]2V:[0xffffffc7][0xffffff9f][0xffffffe7][0xffffffa1]0[0xfffffffe]r[0x2][0xffffff8c][0xffffffe2][0xffffffed][0xc][0xffffffc9][0x10][0x7f]yz2[0xffffffc3][0xffffffbf]~[0xfffffff2]+[0x8][0xffffff9f][0xffffffb7])[0x10][0xffffff9e][0xffffffb5][0x1f][0xc][0xffffffc2][0xffffff8f][0xfffffff3][0xffffffa0][0x8][0xffffffbf][0xffffff9f][0xffffff80]E[0xfffffff8][0xfffffff3][0xc][0x4][0xffffffc2][0xffffffef]O'[0x10][0xfffffffe][0xfffffffe][0xffffffe4][0xffffffd7][0x10]^[\n]"
18:17:44.546 [TestNG-tests-1] DEBUG org.apache.hc.client5.http.wire - http-outgoing-3 << "[0xffffffe1][0xffffffde][0x1a][0xffffff85][0xfffffff0][0xffffffc2][0x11]^[0x6][0x8]/[0x14][0xffffffe1][0xffffff85]![0xffffffbc]. |[0xffffffdc][0x14][0xffffffc2][0xffffffb3]N[0x8][0xffffffe1][0xffffffb7][0xfffffff3][0xffffffb0][0x8]?N[0x0]#[0xfffffffc][0xfffffffd][0xc][0x8][0xffffffc2][0xffffff8f][0xffffffa7]#[0x8][0x7f]{[0xfffffff2]k[0x8][0x1f][0xffffffbf][0xffffffc4][0x7f][0xffffffa7][[0xffffffc7][0xffffffb8]Q[0x8][0xffffffdf][0xffffffcf][0x3]#[0xfffffffc]v[0x2][0x1a][0xffffffe1]og`[0x10]~{:[0xffffff83][0xfffffff0][0xffffffc7][0xffffff93]_C[0xffffffb8][\n]"
18:17:44.546 [TestNG-tests-1] DEBUG org.apache.hc.client5.http.wire - http-outgoing-3 << "[0xb][0xffffffaf]sP![0xfffffff1]v[0x1e][0x18][0xffffffe1]j`[0xffffffe1][0xffffff8a]Z[0xffffffb8]b[0x16][0xffffffae]W,[0xffffffdc]#[0xffffffc2][0xfffffff5]Vg[0xffffffa5][0x10][0xffffffee]8[0xffffffc2][0xffffffdd][0x0][0xffffffe1][0xffffff8e]"[0xffffffdc]1[0xffffff84][0xfffffffb][0x15][0xffffff84][0xffffffc5][0x1b][0xffffff89]z[0x14][0xffffffe0][0xffffffe5][0xfffffff0][0xffffffe7]y`[0xffffff84][\r][0xffffffde]H[0x1c][0xffffffe8][0x1b][0xffffff89][0x3]{#q\y#Qn[0xffffffbf][0xffffffb4][0xffffff88][0xfffffff0][0xffffffbc][\r][0x8][0xffffffe1][0xffffffb7][0xfffffff3][0xffffffb0][0x8]?N[0x0]#[0xfffffffc][0xfffffffd][0xc][0x8][0xffffffc2][0xffffff8f][0xffffffa7]#[0x8][0x7f]{[0xfffffff2]k[0x8][0xffffff8b][0xfffffffb][0x12][0xffffffb5]4[0xe]a[0xfffffff0][0xffffffbe][0xffffffc4][0xffffff97][0x13][0xffffffd0][0x8]C[0xfffffff7]%[0xffffffbe]<[0xffffff9d]A[0xfffffff8][0xffffffb5][0xfffffffb][0x12][0x1f][0x7f][0xffffffd4][0x4][0xffffffc2][0xfffffff5]vPo$[0xffffffde][0xffffffce][0x3]#[0xffffffdc][0xc][0x10]n([0xffffffc2][\r]C[0xffffffb8]]AX[0xffffffb5]p+[0x7][0xfffffff5][0xffffffeb]\[0xffffffc1][[0xffffffb8][0x18][0xffffffb4]pA[[0xffffffb8]`-\[0xffffffae][0xffffffb4]pU![0xffffffd1][0xffffffda]*[0x10][0xffffffc2][0x15][0xf][0xffffff89]j[0x10][0x12][0x15][\r][0xffffff89][0xffffff8a][0xffffff85]D[0xffffffbd][0x12][0x12]U[0xffffffbc][0x17][0xffffffae]m[0xffffff9e][0xffffffd4][0x1b][0xffffff89][0xffffff8a][0xffffffbf][0x17][0xffffffae][0x6][0xffffffef][0xffffff85]+[0xfffffffa]^[0xffffffb8]b[0xffffffef][0xffffff85][0xffffffeb][0xffffff95][0xfffffff7][0xffffffc2]U[0xffffffb5]p?n[0x18][0xffffffc2]x[0xb]W[0xffffff83][0x16][0xfffffffe]~[0x6][0x6]a[0xffffffac][0xffffff85][0xffffffbf]=[0xfffffff9]5[0xffffff84][0xffffffd5]O[0x1b][0xffffffbd][0xffffff9f][0xffffffd4][0xffffffbf][0xffffffce]U[0xfffffffc][0xffffffa7][0xffffff8d]j[0xfffffff0][0xffffffd3]FE[0x7f][0xffffffda][0xffffffa8][0xffffffd8]O[0x1b][0xfffffff5][0xffffffca]O[0x1b][0xfffffff7]?*f[0x8][0x17][0x1c][0xffffffe1]b[0xffffff80]pA[0x11].[0x18][0xffffffc2][0xffffffe5][\n]"
[...]
19:27:55.578 [TestNG-tests-1] DEBUG org.apache.hc.client5.http.impl.classic.ProtocolExec - ex-0000000005 proxy auth state: UNCHALLENGED
19:27:55.578 [TestNG-tests-1] DEBUG org.apache.hc.client5.http.impl.classic.ConnectExec - ex-0000000005 acquiring connection with route {s}->https://googlechromelabs.github.io:443
19:27:55.578 [TestNG-tests-1] DEBUG org.apache.hc.client5.http.impl.classic.InternalHttpClient - ex-0000000005 acquiring endpoint (3 MINUTES)
19:27:55.579 [TestNG-tests-1] DEBUG org.apache.hc.client5.http.impl.io.PoolingHttpClientConnectionManager - ex-0000000005 endpoint lease request (3 MINUTES) [route: {s}->https://googlechromelabs.github.io:443][total available: 1; route allocated: 0 of 5; total allocated: 1 of 25]
19:27:55.580 [TestNG-tests-1] DEBUG org.apache.hc.client5.http.impl.io.PoolingHttpClientConnectionManager - ex-0000000005 endpoint leased [route: {s}->https://googlechromelabs.github.io:443][total available: 1; route allocated: 1 of 5; total allocated: 2 of 25]
19:27:55.580 [TestNG-tests-1] DEBUG org.apache.hc.client5.http.impl.io.PoolingHttpClientConnectionManager - ex-0000000005 acquired ep-0000000005
19:27:55.580 [TestNG-tests-1] DEBUG org.apache.hc.client5.http.impl.classic.InternalHttpClient - ex-0000000005 acquired endpoint ep-0000000005
19:27:55.580 [TestNG-tests-1] DEBUG org.apache.hc.client5.http.impl.classic.ConnectExec - ex-0000000005 opening connection {s}->https://googlechromelabs.github.io:443
19:27:55.580 [TestNG-tests-1] DEBUG org.apache.hc.client5.http.impl.classic.InternalHttpClient - ep-0000000005 connecting endpoint (null)
19:27:55.580 [TestNG-tests-1] DEBUG org.apache.hc.client5.http.impl.io.PoolingHttpClientConnectionManager - ep-0000000005 connecting endpoint to https://googlechromelabs.github.io:443 (30 SECONDS)
19:27:55.580 [TestNG-tests-1] DEBUG org.apache.hc.client5.http.impl.io.DefaultHttpClientConnectionOperator - googlechromelabs.github.io resolving remote address
19:27:55.633 [TestNG-tests-1] DEBUG org.apache.hc.client5.http.impl.io.DefaultHttpClientConnectionOperator - googlechromelabs.github.io resolved to [googlechromelabs.github.io/185.199.109.153, googlechromelabs.github.io/185.199.108.153, googlechromelabs.github.io/185.199.110.153, googlechromelabs.github.io/185.199.111.153, googlechromelabs.github.io/2606:50c0:8002:0:0:0:0:153, googlechromelabs.github.io/2606:50c0:8003:0:0:0:0:153, googlechromelabs.github.io/2606:50c0:8000:0:0:0:0:153, googlechromelabs.github.io/2606:50c0:8001:0:0:0:0:153]
19:27:55.634 [TestNG-tests-1] DEBUG org.apache.hc.client5.http.impl.io.DefaultHttpClientConnectionOperator - googlechromelabs.github.io:443 connecting null->googlechromelabs.github.io/185.199.109.153:443 (30 SECONDS)
19:27:55.634 [TestNG-tests-1] DEBUG org.apache.hc.client5.http.ssl.SSLConnectionSocketFactory - Connecting socket to googlechromelabs.github.io/185.199.109.153:443 with timeout 30 SECONDS
19:27:55.700 [TestNG-tests-1] DEBUG org.apache.hc.client5.http.ssl.SSLConnectionSocketFactory - Enabled protocols: [TLSv1.3, TLSv1.2]
19:27:55.700 [TestNG-tests-1] DEBUG org.apache.hc.client5.http.ssl.SSLConnectionSocketFactory - Enabled cipher suites: [TLS_AES_256_GCM_SHA384, TLS_AES_128_GCM_SHA256, TLS_CHACHA20_POLY1305_SHA256, TLS_ECDHE_ECDSA_WITH_AES_256_GCM_SHA384, TLS_ECDHE_ECDSA_WITH_AES_128_GCM_SHA256, TLS_ECDHE_ECDSA_WITH_CHACHA20_POLY1305_SHA256, TLS_ECDHE_RSA_WITH_AES_256_GCM_SHA384, TLS_ECDHE_RSA_WITH_CHACHA20_POLY1305_SHA256, TLS_ECDHE_RSA_WITH_AES_128_GCM_SHA256, TLS_DHE_RSA_WITH_AES_256_GCM_SHA384, TLS_DHE_RSA_WITH_CHACHA20_POLY1305_SHA256, TLS_DHE_DSS_WITH_AES_256_GCM_SHA384, TLS_DHE_RSA_WITH_AES_128_GCM_SHA256, TLS_DHE_DSS_WITH_AES_128_GCM_SHA256, TLS_ECDHE_ECDSA_WITH_AES_256_CBC_SHA384, TLS_ECDHE_RSA_WITH_AES_256_CBC_SHA384, TLS_ECDHE_ECDSA_WITH_AES_128_CBC_SHA256, TLS_ECDHE_RSA_WITH_AES_128_CBC_SHA256, TLS_DHE_RSA_WITH_AES_256_CBC_SHA256, TLS_DHE_DSS_WITH_AES_256_CBC_SHA256, TLS_DHE_RSA_WITH_AES_128_CBC_SHA256, TLS_DHE_DSS_WITH_AES_128_CBC_SHA256, TLS_ECDHE_ECDSA_WITH_AES_256_CBC_SHA, TLS_ECDHE_RSA_WITH_AES_256_CBC_SHA, TLS_ECDHE_ECDSA_WITH_AES_128_CBC_SHA, TLS_ECDHE_RSA_WITH_AES_128_CBC_SHA, TLS_DHE_RSA_WITH_AES_256_CBC_SHA, TLS_DHE_DSS_WITH_AES_256_CBC_SHA, TLS_DHE_RSA_WITH_AES_128_CBC_SHA, TLS_DHE_DSS_WITH_AES_128_CBC_SHA, TLS_RSA_WITH_AES_256_GCM_SHA384, TLS_RSA_WITH_AES_128_GCM_SHA256, TLS_RSA_WITH_AES_256_CBC_SHA256, TLS_RSA_WITH_AES_128_CBC_SHA256, TLS_RSA_WITH_AES_256_CBC_SHA, TLS_RSA_WITH_AES_128_CBC_SHA, TLS_EMPTY_RENEGOTIATION_INFO_SCSV]
19:27:55.701 [TestNG-tests-1] DEBUG org.apache.hc.client5.http.ssl.SSLConnectionSocketFactory - Starting handshake (null)
19:27:55.812 [TestNG-tests-1] DEBUG org.apache.hc.client5.http.ssl.SSLConnectionSocketFactory - Secure session established
19:27:55.812 [TestNG-tests-1] DEBUG org.apache.hc.client5.http.ssl.SSLConnectionSocketFactory -  negotiated protocol: TLSv1.3
19:27:55.812 [TestNG-tests-1] DEBUG org.apache.hc.client5.http.ssl.SSLConnectionSocketFactory -  negotiated cipher suite: TLS_AES_128_GCM_SHA256
19:27:55.812 [TestNG-tests-1] DEBUG org.apache.hc.client5.http.ssl.SSLConnectionSocketFactory -  peer principal: CN=*.github.io, O="GitHub, Inc.", L=San Francisco, ST=California, C=US
19:27:55.812 [TestNG-tests-1] DEBUG org.apache.hc.client5.http.ssl.SSLConnectionSocketFactory -  peer alternative names: [*.github.io, github.io, githubusercontent.com, www.github.com, *.github.com, *.githubusercontent.com, github.com]
19:27:55.812 [TestNG-tests-1] DEBUG org.apache.hc.client5.http.ssl.SSLConnectionSocketFactory -  issuer principal: CN=DigiCert Global G2 TLS RSA SHA256 2020 CA1, O=DigiCert Inc, C=US
19:27:55.812 [TestNG-tests-1] DEBUG org.apache.hc.client5.http.impl.io.DefaultManagedHttpClientConnection - http-outgoing-4 set socket timeout to 3 MINUTES
19:27:55.813 [TestNG-tests-1] DEBUG org.apache.hc.client5.http.impl.io.DefaultHttpClientConnectionOperator - googlechromelabs.github.io:443 connected null->googlechromelabs.github.io/185.199.109.153:443 as http-outgoing-4
19:27:55.813 [TestNG-tests-1] DEBUG org.apache.hc.client5.http.impl.io.PoolingHttpClientConnectionManager - ep-0000000005 connected http-outgoing-4
19:27:55.813 [TestNG-tests-1] DEBUG org.apache.hc.client5.http.impl.classic.InternalHttpClient - ep-0000000005 endpoint connected
19:27:55.813 [TestNG-tests-1] DEBUG org.apache.hc.client5.http.impl.classic.MainClientExec - ex-0000000005 executing GET /chrome-for-testing/LATEST_RELEASE_130 HTTP/1.1
19:27:55.813 [TestNG-tests-1] DEBUG org.apache.hc.client5.http.protocol.RequestAddCookies - ex-0000000005 Cookie spec selected: strict
19:27:55.813 [TestNG-tests-1] DEBUG org.apache.hc.client5.http.impl.classic.InternalHttpClient - ep-0000000005 start execution ex-0000000005
19:27:55.813 [TestNG-tests-1] DEBUG org.apache.hc.client5.http.impl.io.PoolingHttpClientConnectionManager - ep-0000000005 executing exchange ex-0000000005 over http-outgoing-4
19:27:55.814 [TestNG-tests-1] DEBUG org.apache.hc.client5.http.headers - http-outgoing-4 >> GET /chrome-for-testing/LATEST_RELEASE_130 HTTP/1.1
19:27:55.814 [TestNG-tests-1] DEBUG org.apache.hc.client5.http.headers - http-outgoing-4 >> user-agent: Apache-HttpClient/5.0
19:27:55.814 [TestNG-tests-1] DEBUG org.apache.hc.client5.http.headers - http-outgoing-4 >> accept-encoding: gzip, deflate, br
19:27:55.814 [TestNG-tests-1] DEBUG org.apache.hc.client5.http.headers - http-outgoing-4 >> cache-control: max-age=0
19:27:55.814 [TestNG-tests-1] DEBUG org.apache.hc.client5.http.headers - http-outgoing-4 >> connection: keep-alive
19:27:55.814 [TestNG-tests-1] DEBUG org.apache.hc.client5.http.headers - http-outgoing-4 >> Host: googlechromelabs.github.io
19:27:55.814 [TestNG-tests-1] DEBUG org.apache.hc.client5.http.wire - http-outgoing-4 >> "GET /chrome-for-testing/LATEST_RELEASE_130 HTTP/1.1[\r][\n]"
19:27:55.814 [TestNG-tests-1] DEBUG org.apache.hc.client5.http.wire - http-outgoing-4 >> "user-agent: Apache-HttpClient/5.0[\r][\n]"
19:27:55.814 [TestNG-tests-1] DEBUG org.apache.hc.client5.http.wire - http-outgoing-4 >> "accept-encoding: gzip, deflate, br[\r][\n]"
19:27:55.814 [TestNG-tests-1] DEBUG org.apache.hc.client5.http.wire - http-outgoing-4 >> "cache-control: max-age=0[\r][\n]"
19:27:55.814 [TestNG-tests-1] DEBUG org.apache.hc.client5.http.wire - http-outgoing-4 >> "connection: keep-alive[\r][\n]"
19:27:55.814 [TestNG-tests-1] DEBUG org.apache.hc.client5.http.wire - http-outgoing-4 >> "Host: googlechromelabs.github.io[\r][\n]"
19:27:55.814 [TestNG-tests-1] DEBUG org.apache.hc.client5.http.wire - http-outgoing-4 >> "[\r][\n]"
19:27:56.098 [TestNG-tests-1] DEBUG org.apache.hc.client5.http.wire - http-outgoing-4 << "HTTP/1.1 200 OK[\r][\n]"
19:27:56.098 [TestNG-tests-1] DEBUG org.apache.hc.client5.http.wire - http-outgoing-4 << "Connection: keep-alive[\r][\n]"
19:27:56.098 [TestNG-tests-1] DEBUG org.apache.hc.client5.http.wire - http-outgoing-4 << "Content-Length: 13[\r][\n]"
19:27:56.098 [TestNG-tests-1] DEBUG org.apache.hc.client5.http.wire - http-outgoing-4 << "Server: GitHub.com[\r][\n]"
19:27:56.098 [TestNG-tests-1] DEBUG org.apache.hc.client5.http.wire - http-outgoing-4 << "Content-Type: application/octet-stream[\r][\n]"
19:27:56.098 [TestNG-tests-1] DEBUG org.apache.hc.client5.http.wire - http-outgoing-4 << "permissions-policy: interest-cohort=()[\r][\n]"
19:27:56.103 [TestNG-tests-1] DEBUG org.apache.hc.client5.http.wire - http-outgoing-4 << "x-origin-cache: HIT[\r][\n]"
19:27:56.104 [TestNG-tests-1] DEBUG org.apache.hc.client5.http.wire - http-outgoing-4 << "Last-Modified: Tue, 05 Nov 2024 12:12:57 GMT[\r][\n]"
19:27:56.104 [TestNG-tests-1] DEBUG org.apache.hc.client5.http.wire - http-outgoing-4 << "Access-Control-Allow-Origin: *[\r][\n]"
19:27:56.104 [TestNG-tests-1] DEBUG org.apache.hc.client5.http.wire - http-outgoing-4 << "Strict-Transport-Security: max-age=31556952[\r][\n]"
19:27:56.104 [TestNG-tests-1] DEBUG org.apache.hc.client5.http.wire - http-outgoing-4 << "ETag: "672a0bc9-d"[\r][\n]"
19:27:56.104 [TestNG-tests-1] DEBUG org.apache.hc.client5.http.wire - http-outgoing-4 << "expires: Tue, 05 Nov 2024 12:37:56 GMT[\r][\n]"
19:27:56.104 [TestNG-tests-1] DEBUG org.apache.hc.client5.http.wire - http-outgoing-4 << "Cache-Control: max-age=600[\r][\n]"
19:27:56.104 [TestNG-tests-1] DEBUG org.apache.hc.client5.http.wire - http-outgoing-4 << "x-proxy-cache: MISS[\r][\n]"
19:27:56.104 [TestNG-tests-1] DEBUG org.apache.hc.client5.http.wire - http-outgoing-4 << "X-GitHub-Request-Id: FDDE:2A2786:5E6C2:627B2:672A0F4B[\r][\n]"
19:27:56.104 [TestNG-tests-1] DEBUG org.apache.hc.client5.http.wire - http-outgoing-4 << "Accept-Ranges: bytes[\r][\n]"
19:27:56.104 [TestNG-tests-1] DEBUG org.apache.hc.client5.http.wire - http-outgoing-4 << "Age: 0[\r][\n]"
19:27:56.104 [TestNG-tests-1] DEBUG org.apache.hc.client5.http.wire - http-outgoing-4 << "Date: Tue, 05 Nov 2024 12:27:56 GMT[\r][\n]"
19:27:56.104 [TestNG-tests-1] DEBUG org.apache.hc.client5.http.wire - http-outgoing-4 << "Via: 1.1 varnish[\r][\n]"
19:27:56.104 [TestNG-tests-1] DEBUG org.apache.hc.client5.http.wire - http-outgoing-4 << "X-Served-By: cache-qpg1220-QPG[\r][\n]"
19:27:56.104 [TestNG-tests-1] DEBUG org.apache.hc.client5.http.wire - http-outgoing-4 << "X-Cache: MISS[\r][\n]"
19:27:56.104 [TestNG-tests-1] DEBUG org.apache.hc.client5.http.wire - http-outgoing-4 << "X-Cache-Hits: 0[\r][\n]"
19:27:56.104 [TestNG-tests-1] DEBUG org.apache.hc.client5.http.wire - http-outgoing-4 << "X-Timer: S1730809676.022807,VS0,VE228[\r][\n]"
19:27:56.104 [TestNG-tests-1] DEBUG org.apache.hc.client5.http.wire - http-outgoing-4 << "Vary: Accept-Encoding[\r][\n]"
19:27:56.104 [TestNG-tests-1] DEBUG org.apache.hc.client5.http.wire - http-outgoing-4 << "X-Fastly-Request-ID: c834e39f314961b117279af833a8879012345a03[\r][\n]"
19:27:56.104 [TestNG-tests-1] DEBUG org.apache.hc.client5.http.wire - http-outgoing-4 << "[\r][\n]"
19:27:56.105 [TestNG-tests-1] DEBUG org.apache.hc.client5.http.headers - http-outgoing-4 << HTTP/1.1 200 OK
19:27:56.105 [TestNG-tests-1] DEBUG org.apache.hc.client5.http.headers - http-outgoing-4 << Connection: keep-alive
19:27:56.105 [TestNG-tests-1] DEBUG org.apache.hc.client5.http.headers - http-outgoing-4 << Content-Length: 13
19:27:56.105 [TestNG-tests-1] DEBUG org.apache.hc.client5.http.headers - http-outgoing-4 << Server: GitHub.com
19:27:56.105 [TestNG-tests-1] DEBUG org.apache.hc.client5.http.headers - http-outgoing-4 << Content-Type: application/octet-stream
19:27:56.105 [TestNG-tests-1] DEBUG org.apache.hc.client5.http.headers - http-outgoing-4 << permissions-policy: interest-cohort=()
19:27:56.105 [TestNG-tests-1] DEBUG org.apache.hc.client5.http.headers - http-outgoing-4 << x-origin-cache: HIT
19:27:56.105 [TestNG-tests-1] DEBUG org.apache.hc.client5.http.headers - http-outgoing-4 << Last-Modified: Tue, 05 Nov 2024 12:12:57 GMT
19:27:56.105 [TestNG-tests-1] DEBUG org.apache.hc.client5.http.headers - http-outgoing-4 << Access-Control-Allow-Origin: *
19:27:56.105 [TestNG-tests-1] DEBUG org.apache.hc.client5.http.headers - http-outgoing-4 << Strict-Transport-Security: max-age=31556952
19:27:56.105 [TestNG-tests-1] DEBUG org.apache.hc.client5.http.headers - http-outgoing-4 << ETag: "672a0bc9-d"
19:27:56.105 [TestNG-tests-1] DEBUG org.apache.hc.client5.http.headers - http-outgoing-4 << expires: Tue, 05 Nov 2024 12:37:56 GMT
19:27:56.105 [TestNG-tests-1] DEBUG org.apache.hc.client5.http.headers - http-outgoing-4 << Cache-Control: max-age=600
19:27:56.105 [TestNG-tests-1] DEBUG org.apache.hc.client5.http.headers - http-outgoing-4 << x-proxy-cache: MISS
19:27:56.105 [TestNG-tests-1] DEBUG org.apache.hc.client5.http.headers - http-outgoing-4 << X-GitHub-Request-Id: FDDE:2A2786:5E6C2:627B2:672A0F4B
19:27:56.105 [TestNG-tests-1] DEBUG org.apache.hc.client5.http.headers - http-outgoing-4 << Accept-Ranges: bytes
19:27:56.105 [TestNG-tests-1] DEBUG org.apache.hc.client5.http.headers - http-outgoing-4 << Age: 0
19:27:56.105 [TestNG-tests-1] DEBUG org.apache.hc.client5.http.headers - http-outgoing-4 << Date: Tue, 05 Nov 2024 12:27:56 GMT
19:27:56.105 [TestNG-tests-1] DEBUG org.apache.hc.client5.http.headers - http-outgoing-4 << Via: 1.1 varnish
19:27:56.105 [TestNG-tests-1] DEBUG org.apache.hc.client5.http.headers - http-outgoing-4 << X-Served-By: cache-qpg1220-QPG
19:27:56.105 [TestNG-tests-1] DEBUG org.apache.hc.client5.http.headers - http-outgoing-4 << X-Cache: MISS
19:27:56.105 [TestNG-tests-1] DEBUG org.apache.hc.client5.http.headers - http-outgoing-4 << X-Cache-Hits: 0
19:27:56.105 [TestNG-tests-1] DEBUG org.apache.hc.client5.http.headers - http-outgoing-4 << X-Timer: S1730809676.022807,VS0,VE228
19:27:56.105 [TestNG-tests-1] DEBUG org.apache.hc.client5.http.headers - http-outgoing-4 << Vary: Accept-Encoding
19:27:56.105 [TestNG-tests-1] DEBUG org.apache.hc.client5.http.headers - http-outgoing-4 << X-Fastly-Request-ID: c834e39f314961b117279af833a8879012345a03
19:27:56.107 [TestNG-tests-1] DEBUG org.apache.hc.client5.http.impl.classic.MainClientExec - ex-0000000005 connection can be kept alive for 3 MINUTES
19:27:56.108 [TestNG-tests-1] DEBUG org.apache.hc.client5.http.wire - http-outgoing-4 << "130.0.6723.91"
19:27:56.108 [TestNG-tests-1] DEBUG org.apache.hc.client5.http.impl.classic.InternalHttpClient - ep-0000000005 releasing valid endpoint
19:27:56.108 [TestNG-tests-1] DEBUG org.apache.hc.client5.http.impl.io.PoolingHttpClientConnectionManager - ep-0000000005 releasing endpoint
19:27:56.108 [TestNG-tests-1] DEBUG org.apache.hc.client5.http.impl.io.PoolingHttpClientConnectionManager - ep-0000000005 connection http-outgoing-4 can be kept alive for 3 MINUTES
19:27:56.108 [TestNG-tests-1] DEBUG org.apache.hc.client5.http.impl.io.PoolingHttpClientConnectionManager - ep-0000000005 connection released [route: {s}->https://googlechromelabs.github.io:443][total available: 2; route allocated: 1 of 5; total allocated: 2 of 25]
19:27:56.108 [TestNG-tests-1] DEBUG io.github.bonigarcia.wdm.versions.VersionDetector - Latest version of chromedriver according to https://googlechromelabs.github.io/chrome-for-testing/LATEST_RELEASE_130 is 130.0.6723.91
19:27:56.108 [TestNG-tests-1] INFO io.github.bonigarcia.wdm.WebDriverManager - Using chromedriver 130.0.6723.91 (resolved driver for Chrome 130)
19:27:56.110 [TestNG-tests-1] DEBUG io.github.bonigarcia.wdm.cache.ResolutionCache - Storing resolution chrome=130 in cache (valid until 20:27:56 05/11/2024 ICT)
19:27:56.112 [TestNG-tests-1] DEBUG io.github.bonigarcia.wdm.cache.ResolutionCache - Storing resolution chrome130=130.0.6723.91 in cache (valid until 19:27:56 06/11/2024 ICT)
19:27:56.118 [TestNG-tests-1] DEBUG io.github.bonigarcia.wdm.WebDriverManager - Driver chromedriver 130.0.6723.91 found in cache
19:27:56.119 [TestNG-tests-1] INFO io.github.bonigarcia.wdm.WebDriverManager - Exporting webdriver.chrome.driver as /Users/anhlan/.cache/selenium/chromedriver/mac-arm64/130.0.6723.91/chromedriver
]]></system-out>
    <system-err><![CDATA[Nov 05, 2024 7:27:58 PM org.openqa.selenium.devtools.CdpVersionFinder findNearestMatch
WARNING: Unable to find an exact match for CDP version 130, returning the closest version; found: 129; Please update to a Selenium version that supports CDP version 130
]]></system-err>
  </testcase>
  <testcase name="submitOrder[{password=Iamking@000, product=ADIDAS ORIGINAL, email=shetty@gmail.com}](2)" classname="anhlan.tests.submitOrderTest" time="3.9">
    <system-out><![CDATA[19:28:09.437 [TestNG-tests-1] DEBUG io.github.bonigarcia.wdm.WebDriverManager - Using WebDriverManager 5.9.2
19:28:09.448 [TestNG-tests-1] DEBUG io.github.bonigarcia.wdm.cache.ResolutionCache - Resolution chrome=130 in cache (valid until 20:27:56 05/11/2024 ICT)
19:28:09.448 [TestNG-tests-1] DEBUG io.github.bonigarcia.wdm.cache.ResolutionCache - Resolution chrome130=130.0.6723.91 in cache (valid until 19:27:56 06/11/2024 ICT)
19:28:09.448 [TestNG-tests-1] INFO io.github.bonigarcia.wdm.WebDriverManager - Using chromedriver 130.0.6723.91 (resolved driver for Chrome 130)
19:28:09.452 [TestNG-tests-1] DEBUG io.github.bonigarcia.wdm.WebDriverManager - Driver chromedriver 130.0.6723.91 found in cache
19:28:09.453 [TestNG-tests-1] INFO io.github.bonigarcia.wdm.WebDriverManager - Exporting webdriver.chrome.driver as /Users/anhlan/.cache/selenium/chromedriver/mac-arm64/130.0.6723.91/chromedriver
]]></system-out>
    <system-err><![CDATA[Nov 05, 2024 7:28:10 PM org.openqa.selenium.devtools.CdpVersionFinder findNearestMatch
WARNING: Unable to find an exact match for CDP version 130, returning the closest version; found: 129; Please update to a Selenium version that supports CDP version 130
]]></system-err>
  </testcase>
  <testcase name="orderHistoryTest" classname="anhlan.tests.submitOrderTest" time="0.826">
    <system-out><![CDATA[19:28:18.347 [TestNG-tests-1] DEBUG io.github.bonigarcia.wdm.WebDriverManager - Using WebDriverManager 5.9.2
19:28:18.352 [TestNG-tests-1] DEBUG io.github.bonigarcia.wdm.cache.ResolutionCache - Resolution chrome=130 in cache (valid until 20:27:56 05/11/2024 ICT)
19:28:18.352 [TestNG-tests-1] DEBUG io.github.bonigarcia.wdm.cache.ResolutionCache - Resolution chrome130=130.0.6723.91 in cache (valid until 19:27:56 06/11/2024 ICT)
19:28:18.352 [TestNG-tests-1] INFO io.github.bonigarcia.wdm.WebDriverManager - Using chromedriver 130.0.6723.91 (resolved driver for Chrome 130)
19:28:18.354 [TestNG-tests-1] DEBUG io.github.bonigarcia.wdm.WebDriverManager - Driver chromedriver 130.0.6723.91 found in cache
19:28:18.355 [TestNG-tests-1] INFO io.github.bonigarcia.wdm.WebDriverManager - Exporting webdriver.chrome.driver as /Users/anhlan/.cache/selenium/chromedriver/mac-arm64/130.0.6723.91/chromedriver
]]></system-out>
    <system-err><![CDATA[Nov 05, 2024 7:28:19 PM org.openqa.selenium.devtools.CdpVersionFinder findNearestMatch
WARNING: Unable to find an exact match for CDP version 130, returning the closest version; found: 129; Please update to a Selenium version that supports CDP version 130
]]></system-err>
  </testcase>
</testsuite>