<?xml version="1.0" encoding="UTF-8"?>
<testng-results ignored="0" total="2" passed="2" failed="0" skipped="0">
  <reporter-output>
  </reporter-output>
  <suite started-at="2024-11-09T18:50:23 ICT" name="Surefire suite" finished-at="2024-11-09T18:50:34 ICT" duration-ms="11095">
    <groups>
      <group name="cucumber">
        <method signature="AbstractTestNGCucumberTests.runScenario(io.cucumber.testng.PickleWrapper,io.cucumber.testng.FeatureWrapper)[pri:0, instance:anhlan.cucumber.testNGTestRunner@41fbdac4]" name="runScenario" class="io.cucumber.testng.AbstractTestNGCucumberTests"/>
      </group> <!-- cucumber -->
    </groups>
    <test started-at="2024-11-09T18:50:23 ICT" name="Surefire test" finished-at="2024-11-09T18:50:34 ICT" duration-ms="11095">
      <class name="anhlan.cucumber.testNGTestRunner">
        <test-method is-config="true" signature="setUpClass(org.testng.ITestContext)[pri:0, instance:anhlan.cucumber.testNGTestRunner@41fbdac4]" started-at="2024-11-09T18:50:23 ICT" name="setUpClass" finished-at="2024-11-09T18:50:23 ICT" duration-ms="188" status="PASS">
          <params>
            <param index="0">
              <value>
                <![CDATA[org.testng.TestRunner@10f7918f]]>
              </value>
            </param>
          </params>
          <reporter-output>
          </reporter-output>
        </test-method> <!-- setUpClass -->
        <test-method signature="runScenario(io.cucumber.testng.PickleWrapper,io.cucumber.testng.FeatureWrapper)[pri:0, instance:anhlan.cucumber.testNGTestRunner@41fbdac4]" started-at="2024-11-09T18:50:23 ICT" name="runScenario" description="Runs Cucumber Scenarios" data-provider="scenarios" finished-at="2024-11-09T18:50:29 ICT" duration-ms="6374" status="PASS">
          <params>
            <param index="0">
              <value>
                <![CDATA["validation username and password"]]>
              </value>
            </param>
            <param index="1">
              <value>
                <![CDATA["Login screen error validation"]]>
              </value>
            </param>
          </params>
          <reporter-output>
          </reporter-output>
        </test-method> <!-- runScenario -->
        <test-method signature="runScenario(io.cucumber.testng.PickleWrapper,io.cucumber.testng.FeatureWrapper)[pri:0, instance:anhlan.cucumber.testNGTestRunner@41fbdac4]" started-at="2024-11-09T18:50:29 ICT" name="runScenario" description="Runs Cucumber Scenarios" data-provider="scenarios" finished-at="2024-11-09T18:50:34 ICT" duration-ms="4505" status="PASS">
          <params>
            <param index="0">
              <value>
                <![CDATA["validation username and password"]]>
              </value>
            </param>
            <param index="1">
              <value>
                <![CDATA["Login screen error validation"]]>
              </value>
            </param>
          </params>
          <reporter-output>
          </reporter-output>
        </test-method> <!-- runScenario -->
        <test-method is-config="true" signature="tearDownClass()[pri:0, instance:anhlan.cucumber.testNGTestRunner@41fbdac4]" started-at="2024-11-09T18:50:34 ICT" name="tearDownClass" finished-at="2024-11-09T18:50:34 ICT" duration-ms="15" status="PASS">
          <reporter-output>
          </reporter-output>
        </test-method> <!-- tearDownClass -->
      </class> <!-- anhlan.cucumber.testNGTestRunner -->
    </test> <!-- Surefire test -->
  </suite> <!-- Surefire suite -->
</testng-results>
